<?xml version="1.0" encoding="UTF-8"?>
<coverage generated="1762363389993" clover="3.2.0">
  <project timestamp="1762363389993" name="All files">
    <metrics statements="708" coveredstatements="93" conditionals="408" coveredconditionals="19" methods="42" coveredmethods="4" elements="1158" coveredelements="116" complexity="0" loc="708" ncloc="708" packages="1" files="1" classes="1"/>
    <file name="server.js" path="C:\Users\Asus\Desktop\PESU\SE\mini_project\PESU_RR_AIML_B_P04_Insurance_workflow_automation_software_Logicore\server.js">
      <metrics statements="708" coveredstatements="93" conditionals="408" coveredconditionals="19" methods="42" coveredmethods="4"/>
      <line num="2" count="1" type="stmt"/>
      <line num="3" count="1" type="stmt"/>
      <line num="4" count="1" type="stmt"/>
      <line num="5" count="1" type="stmt"/>
      <line num="6" count="1" type="stmt"/>
      <line num="7" count="1" type="stmt"/>
      <line num="8" count="1" type="stmt"/>
      <line num="9" count="1" type="stmt"/>
      <line num="11" count="1" type="stmt"/>
      <line num="12" count="1" type="stmt"/>
      <line num="13" count="1" type="cond" truecount="1" falsecount="1"/>
      <line num="17" count="1" type="stmt"/>
      <line num="18" count="1" type="stmt"/>
      <line num="19" count="1" type="stmt"/>
      <line num="20" count="1" type="stmt"/>
      <line num="24" count="1" type="stmt"/>
      <line num="31" count="1" type="cond" truecount="0" falsecount="2"/>
      <line num="33" count="0" type="stmt"/>
      <line num="34" count="0" type="stmt"/>
      <line num="35" count="0" type="stmt"/>
      <line num="40" count="0" type="cond" truecount="0" falsecount="2"/>
      <line num="42" count="0" type="stmt"/>
      <line num="44" count="0" type="cond" truecount="0" falsecount="2"/>
      <line num="52" count="1" type="stmt"/>
      <line num="54" count="0" type="stmt"/>
      <line num="55" count="0" type="stmt"/>
      <line num="57" count="0" type="stmt"/>
      <line num="65" count="0" type="stmt"/>
      <line num="73" count="0" type="cond" truecount="0" falsecount="2"/>
      <line num="74" count="0" type="stmt"/>
      <line num="75" count="0" type="stmt"/>
      <line num="78" count="0" type="stmt"/>
      <line num="81" count="0" type="stmt"/>
      <line num="82" count="0" type="stmt"/>
      <line num="84" count="0" type="stmt"/>
      <line num="85" count="0" type="stmt"/>
      <line num="87" count="0" type="cond" truecount="0" falsecount="4"/>
      <line num="89" count="0" type="stmt"/>
      <line num="90" count="0" type="stmt"/>
      <line num="91" count="0" type="stmt"/>
      <line num="94" count="0" type="cond" truecount="0" falsecount="4"/>
      <line num="96" count="0" type="stmt"/>
      <line num="97" count="0" type="stmt"/>
      <line num="98" count="0" type="cond" truecount="0" falsecount="2"/>
      <line num="101" count="0" type="cond" truecount="0" falsecount="2"/>
      <line num="103" count="0" type="stmt"/>
      <line num="107" count="0" type="stmt"/>
      <line num="110" count="0" type="stmt"/>
      <line num="114" count="0" type="stmt"/>
      <line num="118" count="0" type="stmt"/>
      <line num="121" count="0" type="stmt"/>
      <line num="122" count="0" type="stmt"/>
      <line num="127" count="0" type="stmt"/>
      <line num="133" count="0" type="stmt"/>
      <line num="136" count="0" type="cond" truecount="0" falsecount="2"/>
      <line num="137" count="0" type="stmt"/>
      <line num="138" count="0" type="stmt"/>
      <line num="140" count="0" type="stmt"/>
      <line num="149" count="1" type="stmt"/>
      <line num="150" count="3" type="stmt"/>
      <line num="151" count="3" type="cond" truecount="3" falsecount="1"/>
      <line num="152" count="0" type="stmt"/>
      <line num="154" count="3" type="stmt"/>
      <line num="155" count="3" type="stmt"/>
      <line num="156" count="3" type="stmt"/>
      <line num="157" count="3" type="stmt"/>
      <line num="159" count="0" type="stmt"/>
      <line num="161" count="0" type="cond" truecount="0" falsecount="5"/>
      <line num="162" count="0" type="stmt"/>
      <line num="163" count="0" type="cond" truecount="0" falsecount="2"/>
      <line num="164" count="0" type="stmt"/>
      <line num="167" count="0" type="stmt"/>
      <line num="173" count="1" type="stmt"/>
      <line num="175" count="3" type="cond" truecount="3" falsecount="1"/>
      <line num="176" count="0" type="stmt"/>
      <line num="178" count="3" type="stmt"/>
      <line num="186" count="0" type="stmt"/>
      <line num="187" count="0" type="stmt"/>
      <line num="188" count="0" type="stmt"/>
      <line num="189" count="0" type="stmt"/>
      <line num="192" count="0" type="stmt"/>
      <line num="196" count="0" type="cond" truecount="0" falsecount="2"/>
      <line num="197" count="0" type="stmt"/>
      <line num="198" count="0" type="stmt"/>
      <line num="199" count="0" type="stmt"/>
      <line num="201" count="0" type="stmt"/>
      <line num="202" count="0" type="stmt"/>
      <line num="203" count="0" type="stmt"/>
      <line num="205" count="0" type="cond" truecount="0" falsecount="4"/>
      <line num="206" count="0" type="stmt"/>
      <line num="207" count="0" type="stmt"/>
      <line num="208" count="0" type="stmt"/>
      <line num="212" count="0" type="stmt"/>
      <line num="217" count="0" type="cond" truecount="0" falsecount="2"/>
      <line num="218" count="0" type="stmt"/>
      <line num="219" count="0" type="stmt"/>
      <line num="220" count="0" type="stmt"/>
      <line num="221" count="0" type="stmt"/>
      <line num="223" count="0" type="stmt"/>
      <line num="225" count="0" type="stmt"/>
      <line num="226" count="0" type="stmt"/>
      <line num="227" count="0" type="cond" truecount="0" falsecount="2"/>
      <line num="231" count="0" type="stmt"/>
      <line num="232" count="0" type="stmt"/>
      <line num="236" count="0" type="stmt"/>
      <line num="239" count="0" type="stmt"/>
      <line num="240" count="0" type="stmt"/>
      <line num="241" count="0" type="stmt"/>
      <line num="244" count="0" type="stmt"/>
      <line num="248" count="0" type="cond" truecount="0" falsecount="4"/>
      <line num="249" count="0" type="stmt"/>
      <line num="251" count="0" type="stmt"/>
      <line num="255" count="0" type="cond" truecount="0" falsecount="5"/>
      <line num="257" count="0" type="cond" truecount="0" falsecount="2"/>
      <line num="259" count="0" type="cond" truecount="0" falsecount="2"/>
      <line num="260" count="0" type="cond" truecount="0" falsecount="2"/>
      <line num="261" count="0" type="cond" truecount="0" falsecount="2"/>
      <line num="262" count="0" type="stmt"/>
      <line num="263" count="0" type="stmt"/>
      <line num="265" count="0" type="stmt"/>
      <line num="268" count="0" type="cond" truecount="0" falsecount="2"/>
      <line num="269" count="0" type="stmt"/>
      <line num="270" count="0" type="stmt"/>
      <line num="271" count="0" type="cond" truecount="0" falsecount="2"/>
      <line num="272" count="0" type="cond" truecount="0" falsecount="2"/>
      <line num="273" count="0" type="stmt"/>
      <line num="274" count="0" type="cond" truecount="0" falsecount="2"/>
      <line num="275" count="0" type="stmt"/>
      <line num="276" count="0" type="stmt"/>
      <line num="277" count="0" type="stmt"/>
      <line num="279" count="0" type="stmt"/>
      <line num="281" count="0" type="cond" truecount="0" falsecount="2"/>
      <line num="282" count="0" type="cond" truecount="0" falsecount="2"/>
      <line num="283" count="0" type="stmt"/>
      <line num="285" count="0" type="stmt"/>
      <line num="288" count="0" type="stmt"/>
      <line num="291" count="0" type="cond" truecount="0" falsecount="2"/>
      <line num="292" count="0" type="stmt"/>
      <line num="295" count="0" type="cond" truecount="0" falsecount="3"/>
      <line num="297" count="0" type="stmt"/>
      <line num="298" count="0" type="stmt"/>
      <line num="301" count="0" type="cond" truecount="0" falsecount="2"/>
      <line num="302" count="0" type="stmt"/>
      <line num="304" count="0" type="stmt"/>
      <line num="305" count="0" type="stmt"/>
      <line num="307" count="0" type="stmt"/>
      <line num="308" count="0" type="stmt"/>
      <line num="310" count="0" type="stmt"/>
      <line num="314" count="0" type="stmt"/>
      <line num="316" count="0" type="cond" truecount="0" falsecount="2"/>
      <line num="317" count="0" type="stmt"/>
      <line num="318" count="0" type="stmt"/>
      <line num="320" count="0" type="stmt"/>
      <line num="323" count="0" type="stmt"/>
      <line num="324" count="0" type="cond" truecount="0" falsecount="2"/>
      <line num="328" count="0" type="stmt"/>
      <line num="329" count="0" type="stmt"/>
      <line num="330" count="0" type="stmt"/>
      <line num="333" count="0" type="stmt"/>
      <line num="335" count="0" type="cond" truecount="0" falsecount="2"/>
      <line num="336" count="0" type="cond" truecount="0" falsecount="2"/>
      <line num="337" count="0" type="stmt"/>
      <line num="340" count="0" type="stmt"/>
      <line num="343" count="0" type="stmt"/>
      <line num="344" count="0" type="stmt"/>
      <line num="347" count="0" type="stmt"/>
      <line num="348" count="0" type="stmt"/>
      <line num="349" count="0" type="stmt"/>
      <line num="350" count="0" type="stmt"/>
      <line num="355" count="0" type="cond" truecount="0" falsecount="4"/>
      <line num="356" count="0" type="stmt"/>
      <line num="357" count="0" type="stmt"/>
      <line num="361" count="0" type="stmt"/>
      <line num="363" count="0" type="cond" truecount="0" falsecount="2"/>
      <line num="364" count="0" type="stmt"/>
      <line num="366" count="0" type="stmt"/>
      <line num="368" count="0" type="cond" truecount="0" falsecount="4"/>
      <line num="369" count="0" type="stmt"/>
      <line num="370" count="0" type="stmt"/>
      <line num="371" count="0" type="cond" truecount="0" falsecount="2"/>
      <line num="372" count="0" type="stmt"/>
      <line num="373" count="0" type="stmt"/>
      <line num="375" count="0" type="stmt"/>
      <line num="376" count="0" type="stmt"/>
      <line num="380" count="0" type="stmt"/>
      <line num="381" count="0" type="cond" truecount="0" falsecount="2"/>
      <line num="382" count="0" type="stmt"/>
      <line num="385" count="0" type="stmt"/>
      <line num="386" count="0" type="stmt"/>
      <line num="387" count="0" type="stmt"/>
      <line num="390" count="0" type="stmt"/>
      <line num="394" count="0" type="cond" truecount="0" falsecount="4"/>
      <line num="395" count="0" type="stmt"/>
      <line num="404" count="1" type="stmt"/>
      <line num="406" count="0" type="stmt"/>
      <line num="407" count="0" type="stmt"/>
      <line num="408" count="0" type="cond" truecount="0" falsecount="4"/>
      <line num="409" count="0" type="stmt"/>
      <line num="412" count="0" type="stmt"/>
      <line num="413" count="0" type="stmt"/>
      <line num="420" count="0" type="cond" truecount="0" falsecount="2"/>
      <line num="421" count="0" type="stmt"/>
      <line num="424" count="0" type="stmt"/>
      <line num="425" count="0" type="cond" truecount="0" falsecount="4"/>
      <line num="426" count="0" type="stmt"/>
      <line num="428" count="0" type="stmt"/>
      <line num="429" count="0" type="cond" truecount="0" falsecount="2"/>
      <line num="432" count="0" type="stmt"/>
      <line num="433" count="0" type="cond" truecount="0" falsecount="2"/>
      <line num="434" count="0" type="stmt"/>
      <line num="435" count="0" type="stmt"/>
      <line num="436" count="0" type="stmt"/>
      <line num="437" count="0" type="cond" truecount="0" falsecount="5"/>
      <line num="438" count="0" type="stmt"/>
      <line num="441" count="0" type="stmt"/>
      <line num="442" count="0" type="stmt"/>
      <line num="445" count="0" type="cond" truecount="0" falsecount="4"/>
      <line num="446" count="0" type="stmt"/>
      <line num="447" count="0" type="stmt"/>
      <line num="450" count="0" type="stmt"/>
      <line num="453" count="0" type="stmt"/>
      <line num="454" count="0" type="stmt"/>
      <line num="456" count="0" type="cond" truecount="0" falsecount="2"/>
      <line num="461" count="1" type="stmt"/>
      <line num="463" count="0" type="stmt"/>
      <line num="464" count="0" type="stmt"/>
      <line num="465" count="0" type="cond" truecount="0" falsecount="5"/>
      <line num="466" count="0" type="stmt"/>
      <line num="469" count="0" type="cond" truecount="0" falsecount="2"/>
      <line num="470" count="0" type="stmt"/>
      <line num="473" count="0" type="cond" truecount="0" falsecount="2"/>
      <line num="474" count="0" type="stmt"/>
      <line num="478" count="0" type="stmt"/>
      <line num="479" count="0" type="stmt"/>
      <line num="481" count="0" type="stmt"/>
      <line num="482" count="0" type="stmt"/>
      <line num="487" count="0" type="stmt"/>
      <line num="490" count="0" type="cond" truecount="0" falsecount="2"/>
      <line num="491" count="0" type="stmt"/>
      <line num="493" count="0" type="stmt"/>
      <line num="494" count="0" type="stmt"/>
      <line num="496" count="0" type="cond" truecount="0" falsecount="2"/>
      <line num="501" count="1" type="stmt"/>
      <line num="503" count="0" type="stmt"/>
      <line num="504" count="0" type="stmt"/>
      <line num="505" count="0" type="cond" truecount="0" falsecount="4"/>
      <line num="506" count="0" type="stmt"/>
      <line num="509" count="0" type="stmt"/>
      <line num="510" count="0" type="stmt"/>
      <line num="512" count="0" type="cond" truecount="0" falsecount="2"/>
      <line num="514" count="0" type="stmt"/>
      <line num="515" count="0" type="stmt"/>
      <line num="517" count="0" type="stmt"/>
      <line num="518" count="0" type="cond" truecount="0" falsecount="2"/>
      <line num="519" count="0" type="stmt"/>
      <line num="520" count="0" type="stmt"/>
      <line num="523" count="0" type="stmt"/>
      <line num="524" count="0" type="cond" truecount="0" falsecount="2"/>
      <line num="526" count="0" type="stmt"/>
      <line num="527" count="0" type="stmt"/>
      <line num="531" count="0" type="stmt"/>
      <line num="534" count="0" type="stmt"/>
      <line num="539" count="0" type="stmt"/>
      <line num="542" count="0" type="stmt"/>
      <line num="543" count="0" type="stmt"/>
      <line num="545" count="0" type="cond" truecount="0" falsecount="2"/>
      <line num="550" count="1" type="stmt"/>
      <line num="552" count="0" type="stmt"/>
      <line num="553" count="0" type="stmt"/>
      <line num="554" count="0" type="cond" truecount="0" falsecount="4"/>
      <line num="555" count="0" type="stmt"/>
      <line num="558" count="0" type="stmt"/>
      <line num="559" count="0" type="stmt"/>
      <line num="561" count="0" type="cond" truecount="0" falsecount="2"/>
      <line num="563" count="0" type="stmt"/>
      <line num="564" count="0" type="stmt"/>
      <line num="566" count="0" type="stmt"/>
      <line num="567" count="0" type="cond" truecount="0" falsecount="2"/>
      <line num="568" count="0" type="stmt"/>
      <line num="569" count="0" type="stmt"/>
      <line num="572" count="0" type="stmt"/>
      <line num="573" count="0" type="cond" truecount="0" falsecount="2"/>
      <line num="575" count="0" type="stmt"/>
      <line num="576" count="0" type="stmt"/>
      <line num="580" count="0" type="stmt"/>
      <line num="583" count="0" type="stmt"/>
      <line num="588" count="0" type="stmt"/>
      <line num="591" count="0" type="stmt"/>
      <line num="592" count="0" type="stmt"/>
      <line num="594" count="0" type="cond" truecount="0" falsecount="2"/>
      <line num="602" count="1" type="stmt"/>
      <line num="604" count="0" type="stmt"/>
      <line num="605" count="0" type="cond" truecount="0" falsecount="2"/>
      <line num="606" count="0" type="stmt"/>
      <line num="608" count="0" type="stmt"/>
      <line num="609" count="0" type="stmt"/>
      <line num="614" count="0" type="stmt"/>
      <line num="616" count="0" type="stmt"/>
      <line num="617" count="0" type="stmt"/>
      <line num="619" count="0" type="cond" truecount="0" falsecount="2"/>
      <line num="626" count="1" type="stmt"/>
      <line num="629" count="0" type="stmt"/>
      <line num="630" count="0" type="cond" truecount="0" falsecount="2"/>
      <line num="631" count="0" type="stmt"/>
      <line num="632" count="0" type="stmt"/>
      <line num="634" count="0" type="cond" truecount="0" falsecount="5"/>
      <line num="635" count="0" type="stmt"/>
      <line num="637" count="0" type="stmt"/>
      <line num="638" count="0" type="cond" truecount="0" falsecount="4"/>
      <line num="639" count="0" type="stmt"/>
      <line num="642" count="0" type="stmt"/>
      <line num="643" count="0" type="stmt"/>
      <line num="645" count="0" type="stmt"/>
      <line num="646" count="0" type="stmt"/>
      <line num="649" count="0" type="stmt"/>
      <line num="653" count="0" type="cond" truecount="0" falsecount="2"/>
      <line num="654" count="0" type="stmt"/>
      <line num="655" count="0" type="stmt"/>
      <line num="659" count="0" type="stmt"/>
      <line num="665" count="0" type="stmt"/>
      <line num="666" count="0" type="stmt"/>
      <line num="668" count="0" type="stmt"/>
      <line num="671" count="0" type="cond" truecount="0" falsecount="2"/>
      <line num="672" count="0" type="stmt"/>
      <line num="676" count="0" type="cond" truecount="0" falsecount="2"/>
      <line num="677" count="0" type="stmt"/>
      <line num="678" count="0" type="stmt"/>
      <line num="680" count="0" type="cond" truecount="0" falsecount="4"/>
      <line num="685" count="1" type="stmt"/>
      <line num="687" count="0" type="stmt"/>
      <line num="688" count="0" type="cond" truecount="0" falsecount="2"/>
      <line num="689" count="0" type="stmt"/>
      <line num="691" count="0" type="stmt"/>
      <line num="693" count="0" type="stmt"/>
      <line num="695" count="0" type="stmt"/>
      <line num="703" count="0" type="stmt"/>
      <line num="705" count="0" type="stmt"/>
      <line num="706" count="0" type="stmt"/>
      <line num="708" count="0" type="cond" truecount="0" falsecount="2"/>
      <line num="713" count="1" type="stmt"/>
      <line num="715" count="0" type="stmt"/>
      <line num="716" count="0" type="cond" truecount="0" falsecount="2"/>
      <line num="717" count="0" type="stmt"/>
      <line num="719" count="0" type="stmt"/>
      <line num="721" count="0" type="stmt"/>
      <line num="729" count="0" type="stmt"/>
      <line num="731" count="0" type="stmt"/>
      <line num="732" count="0" type="stmt"/>
      <line num="734" count="0" type="cond" truecount="0" falsecount="2"/>
      <line num="740" count="1" type="stmt"/>
      <line num="742" count="0" type="stmt"/>
      <line num="743" count="0" type="stmt"/>
      <line num="745" count="0" type="cond" truecount="0" falsecount="2"/>
      <line num="747" count="0" type="stmt"/>
      <line num="748" count="0" type="stmt"/>
      <line num="749" count="0" type="stmt"/>
      <line num="752" count="0" type="stmt"/>
      <line num="760" count="0" type="cond" truecount="0" falsecount="2"/>
      <line num="761" count="0" type="stmt"/>
      <line num="762" count="0" type="stmt"/>
      <line num="765" count="0" type="stmt"/>
      <line num="766" count="0" type="stmt"/>
      <line num="768" count="0" type="cond" truecount="0" falsecount="2"/>
      <line num="769" count="0" type="stmt"/>
      <line num="770" count="0" type="stmt"/>
      <line num="774" count="0" type="stmt"/>
      <line num="775" count="0" type="stmt"/>
      <line num="777" count="0" type="stmt"/>
      <line num="784" count="0" type="stmt"/>
      <line num="790" count="0" type="stmt"/>
      <line num="793" count="0" type="stmt"/>
      <line num="800" count="0" type="cond" truecount="0" falsecount="2"/>
      <line num="801" count="0" type="stmt"/>
      <line num="802" count="0" type="stmt"/>
      <line num="804" count="0" type="cond" truecount="0" falsecount="4"/>
      <line num="812" count="1" type="stmt"/>
      <line num="814" count="0" type="stmt"/>
      <line num="815" count="0" type="stmt"/>
      <line num="817" count="0" type="stmt"/>
      <line num="824" count="0" type="stmt"/>
      <line num="826" count="0" type="stmt"/>
      <line num="827" count="0" type="stmt"/>
      <line num="829" count="0" type="cond" truecount="0" falsecount="2"/>
      <line num="834" count="1" type="stmt"/>
      <line num="836" count="0" type="stmt"/>
      <line num="837" count="0" type="stmt"/>
      <line num="838" count="0" type="stmt"/>
      <line num="839" count="0" type="stmt"/>
      <line num="841" count="0" type="stmt"/>
      <line num="842" count="0" type="cond" truecount="0" falsecount="4"/>
      <line num="843" count="0" type="stmt"/>
      <line num="846" count="0" type="stmt"/>
      <line num="847" count="0" type="stmt"/>
      <line num="850" count="0" type="stmt"/>
      <line num="852" count="0" type="cond" truecount="0" falsecount="2"/>
      <line num="853" count="0" type="stmt"/>
      <line num="854" count="0" type="stmt"/>
      <line num="857" count="0" type="stmt"/>
      <line num="858" count="0" type="stmt"/>
      <line num="859" count="0" type="stmt"/>
      <line num="862" count="0" type="cond" truecount="0" falsecount="4"/>
      <line num="863" count="0" type="stmt"/>
      <line num="867" count="0" type="cond" truecount="0" falsecount="4"/>
      <line num="868" count="0" type="stmt"/>
      <line num="870" count="0" type="stmt"/>
      <line num="874" count="0" type="stmt"/>
      <line num="879" count="0" type="stmt"/>
      <line num="880" count="0" type="stmt"/>
      <line num="886" count="0" type="cond" truecount="0" falsecount="2"/>
      <line num="887" count="0" type="stmt"/>
      <line num="888" count="0" type="stmt"/>
      <line num="891" count="0" type="stmt"/>
      <line num="892" count="0" type="stmt"/>
      <line num="896" count="0" type="stmt"/>
      <line num="898" count="0" type="stmt"/>
      <line num="901" count="0" type="cond" truecount="0" falsecount="2"/>
      <line num="902" count="0" type="stmt"/>
      <line num="904" count="0" type="stmt"/>
      <line num="908" count="0" type="stmt"/>
      <line num="909" count="0" type="cond" truecount="0" falsecount="2"/>
      <line num="910" count="0" type="stmt"/>
      <line num="912" count="0" type="cond" truecount="0" falsecount="4"/>
      <line num="917" count="1" type="stmt"/>
      <line num="919" count="0" type="stmt"/>
      <line num="920" count="0" type="stmt"/>
      <line num="922" count="0" type="stmt"/>
      <line num="936" count="0" type="stmt"/>
      <line num="938" count="0" type="stmt"/>
      <line num="939" count="0" type="stmt"/>
      <line num="941" count="0" type="cond" truecount="0" falsecount="2"/>
      <line num="946" count="1" type="stmt"/>
      <line num="948" count="0" type="stmt"/>
      <line num="949" count="0" type="stmt"/>
      <line num="951" count="0" type="stmt"/>
      <line num="952" count="0" type="stmt"/>
      <line num="953" count="0" type="stmt"/>
      <line num="956" count="0" type="stmt"/>
      <line num="961" count="0" type="cond" truecount="0" falsecount="2"/>
      <line num="962" count="0" type="stmt"/>
      <line num="963" count="0" type="stmt"/>
      <line num="966" count="0" type="stmt"/>
      <line num="967" count="0" type="stmt"/>
      <line num="968" count="0" type="stmt"/>
      <line num="971" count="0" type="cond" truecount="0" falsecount="2"/>
      <line num="973" count="0" type="stmt"/>
      <line num="974" count="0" type="stmt"/>
      <line num="982" count="0" type="stmt"/>
      <line num="984" count="0" type="cond" truecount="0" falsecount="2"/>
      <line num="988" count="0" type="cond" truecount="0" falsecount="2"/>
      <line num="989" count="0" type="stmt"/>
      <line num="990" count="0" type="stmt"/>
      <line num="994" count="0" type="cond" truecount="0" falsecount="2"/>
      <line num="995" count="0" type="stmt"/>
      <line num="996" count="0" type="stmt"/>
      <line num="1000" count="0" type="stmt"/>
      <line num="1001" count="0" type="stmt"/>
      <line num="1009" count="0" type="stmt"/>
      <line num="1013" count="0" type="stmt"/>
      <line num="1014" count="0" type="stmt"/>
      <line num="1018" count="0" type="stmt"/>
      <line num="1019" count="0" type="stmt"/>
      <line num="1020" count="0" type="stmt"/>
      <line num="1023" count="0" type="cond" truecount="0" falsecount="2"/>
      <line num="1024" count="0" type="stmt"/>
      <line num="1025" count="0" type="stmt"/>
      <line num="1027" count="0" type="cond" truecount="0" falsecount="4"/>
      <line num="1035" count="1" type="stmt"/>
      <line num="1037" count="0" type="stmt"/>
      <line num="1038" count="0" type="stmt"/>
      <line num="1039" count="0" type="stmt"/>
      <line num="1040" count="0" type="stmt"/>
      <line num="1042" count="0" type="stmt"/>
      <line num="1043" count="0" type="stmt"/>
      <line num="1045" count="0" type="cond" truecount="0" falsecount="2"/>
      <line num="1050" count="1" type="stmt"/>
      <line num="1052" count="0" type="stmt"/>
      <line num="1053" count="0" type="stmt"/>
      <line num="1054" count="0" type="stmt"/>
      <line num="1055" count="0" type="stmt"/>
      <line num="1057" count="0" type="cond" truecount="0" falsecount="2"/>
      <line num="1058" count="0" type="stmt"/>
      <line num="1060" count="0" type="stmt"/>
      <line num="1064" count="0" type="stmt"/>
      <line num="1067" count="0" type="stmt"/>
      <line num="1068" count="0" type="stmt"/>
      <line num="1069" count="0" type="stmt"/>
      <line num="1071" count="0" type="cond" truecount="0" falsecount="2"/>
      <line num="1075" count="0" type="stmt"/>
      <line num="1078" count="0" type="stmt"/>
      <line num="1080" count="0" type="stmt"/>
      <line num="1082" count="0" type="stmt"/>
      <line num="1083" count="0" type="stmt"/>
      <line num="1085" count="0" type="cond" truecount="0" falsecount="2"/>
      <line num="1090" count="1" type="stmt"/>
      <line num="1092" count="1" type="stmt"/>
      <line num="1093" count="1" type="stmt"/>
      <line num="1096" count="1" type="stmt"/>
      <line num="1098" count="1" type="cond" truecount="3" falsecount="1"/>
      <line num="1099" count="0" type="stmt"/>
      <line num="1100" count="0" type="stmt"/>
      <line num="1103" count="1" type="stmt"/>
      <line num="1104" count="1" type="stmt"/>
      <line num="1105" count="1" type="stmt"/>
      <line num="1107" count="1" type="stmt"/>
      <line num="1108" count="1" type="stmt"/>
      <line num="1111" count="1" type="stmt"/>
      <line num="1112" count="1" type="stmt"/>
      <line num="1114" count="1" type="stmt"/>
      <line num="1117" count="1" type="stmt"/>
      <line num="1119" count="1" type="cond" truecount="1" falsecount="1"/>
      <line num="1120" count="0" type="stmt"/>
      <line num="1121" count="0" type="stmt"/>
      <line num="1124" count="1" type="stmt"/>
      <line num="1125" count="1" type="stmt"/>
      <line num="1129" count="0" type="stmt"/>
      <line num="1130" count="0" type="stmt"/>
      <line num="1132" count="1" type="cond" truecount="1" falsecount="1"/>
      <line num="1133" count="1" type="stmt"/>
      <line num="1134" count="1" type="stmt"/>
      <line num="1140" count="1" type="stmt"/>
      <line num="1142" count="2" type="stmt"/>
      <line num="1144" count="2" type="stmt"/>
      <line num="1145" count="2" type="stmt"/>
      <line num="1146" count="2" type="stmt"/>
      <line num="1151" count="2" type="cond" truecount="2" falsecount="0"/>
      <line num="1152" count="1" type="stmt"/>
      <line num="1155" count="1" type="stmt"/>
      <line num="1156" count="1" type="cond" truecount="1" falsecount="1"/>
      <line num="1157" count="1" type="stmt"/>
      <line num="1158" count="1" type="stmt"/>
      <line num="1160" count="0" type="stmt"/>
      <line num="1163" count="1" type="stmt"/>
      <line num="1166" count="0" type="stmt"/>
      <line num="1167" count="0" type="stmt"/>
      <line num="1169" count="2" type="cond" truecount="1" falsecount="1"/>
      <line num="1174" count="1" type="stmt"/>
      <line num="1176" count="0" type="stmt"/>
      <line num="1177" count="0" type="stmt"/>
      <line num="1178" count="0" type="stmt"/>
      <line num="1179" count="0" type="stmt"/>
      <line num="1183" count="0" type="stmt"/>
      <line num="1184" count="0" type="stmt"/>
      <line num="1185" count="0" type="stmt"/>
      <line num="1187" count="0" type="cond" truecount="0" falsecount="2"/>
      <line num="1191" count="0" type="stmt"/>
      <line num="1193" count="0" type="stmt"/>
      <line num="1195" count="0" type="stmt"/>
      <line num="1197" count="0" type="stmt"/>
      <line num="1198" count="0" type="stmt"/>
      <line num="1200" count="0" type="cond" truecount="0" falsecount="2"/>
      <line num="1205" count="1" type="stmt"/>
      <line num="1207" count="0" type="stmt"/>
      <line num="1208" count="0" type="stmt"/>
      <line num="1209" count="0" type="cond" truecount="0" falsecount="4"/>
      <line num="1210" count="0" type="stmt"/>
      <line num="1213" count="0" type="cond" truecount="0" falsecount="2"/>
      <line num="1214" count="0" type="stmt"/>
      <line num="1217" count="0" type="stmt"/>
      <line num="1218" count="0" type="stmt"/>
      <line num="1222" count="0" type="stmt"/>
      <line num="1224" count="0" type="cond" truecount="0" falsecount="2"/>
      <line num="1225" count="0" type="stmt"/>
      <line num="1227" count="0" type="stmt"/>
      <line num="1228" count="0" type="stmt"/>
      <line num="1230" count="0" type="cond" truecount="0" falsecount="2"/>
      <line num="1235" count="1" type="stmt"/>
      <line num="1237" count="0" type="stmt"/>
      <line num="1238" count="0" type="stmt"/>
      <line num="1239" count="0" type="stmt"/>
      <line num="1240" count="0" type="cond" truecount="0" falsecount="2"/>
      <line num="1241" count="0" type="stmt"/>
      <line num="1244" count="0" type="stmt"/>
      <line num="1245" count="0" type="stmt"/>
      <line num="1249" count="0" type="cond" truecount="0" falsecount="2"/>
      <line num="1250" count="0" type="stmt"/>
      <line num="1252" count="0" type="stmt"/>
      <line num="1254" count="0" type="stmt"/>
      <line num="1255" count="0" type="stmt"/>
      <line num="1257" count="0" type="cond" truecount="0" falsecount="2"/>
      <line num="1263" count="1" type="stmt"/>
      <line num="1265" count="0" type="stmt"/>
      <line num="1266" count="0" type="stmt"/>
      <line num="1267" count="0" type="stmt"/>
      <line num="1269" count="0" type="cond" truecount="0" falsecount="5"/>
      <line num="1270" count="0" type="stmt"/>
      <line num="1272" count="0" type="stmt"/>
      <line num="1273" count="0" type="cond" truecount="0" falsecount="4"/>
      <line num="1274" count="0" type="stmt"/>
      <line num="1277" count="0" type="stmt"/>
      <line num="1278" count="0" type="cond" truecount="0" falsecount="2"/>
      <line num="1279" count="0" type="stmt"/>
      <line num="1282" count="0" type="cond" truecount="0" falsecount="4"/>
      <line num="1283" count="0" type="stmt"/>
      <line num="1286" count="0" type="stmt"/>
      <line num="1288" count="0" type="stmt"/>
      <line num="1290" count="0" type="stmt"/>
      <line num="1295" count="0" type="stmt"/>
      <line num="1298" count="0" type="cond" truecount="0" falsecount="4"/>
      <line num="1299" count="0" type="stmt"/>
      <line num="1301" count="0" type="cond" truecount="0" falsecount="4"/>
      <line num="1302" count="0" type="stmt"/>
      <line num="1304" count="0" type="stmt"/>
      <line num="1305" count="0" type="stmt"/>
      <line num="1307" count="0" type="cond" truecount="0" falsecount="2"/>
      <line num="1312" count="1" type="stmt"/>
      <line num="1314" count="0" type="stmt"/>
      <line num="1315" count="0" type="stmt"/>
      <line num="1316" count="0" type="stmt"/>
      <line num="1319" count="0" type="cond" truecount="0" falsecount="5"/>
      <line num="1320" count="0" type="stmt"/>
      <line num="1322" count="0" type="stmt"/>
      <line num="1323" count="0" type="cond" truecount="0" falsecount="4"/>
      <line num="1324" count="0" type="stmt"/>
      <line num="1326" count="0" type="stmt"/>
      <line num="1327" count="0" type="cond" truecount="0" falsecount="2"/>
      <line num="1328" count="0" type="stmt"/>
      <line num="1330" count="0" type="cond" truecount="0" falsecount="4"/>
      <line num="1331" count="0" type="stmt"/>
      <line num="1335" count="0" type="stmt"/>
      <line num="1336" count="0" type="stmt"/>
      <line num="1347" count="0" type="cond" truecount="0" falsecount="2"/>
      <line num="1348" count="0" type="stmt"/>
      <line num="1351" count="0" type="stmt"/>
      <line num="1355" count="0" type="cond" truecount="0" falsecount="4"/>
      <line num="1356" count="0" type="stmt"/>
      <line num="1358" count="0" type="stmt"/>
      <line num="1359" count="0" type="stmt"/>
      <line num="1361" count="0" type="cond" truecount="0" falsecount="2"/>
      <line num="1366" count="1" type="stmt"/>
      <line num="1368" count="0" type="stmt"/>
      <line num="1369" count="0" type="stmt"/>
      <line num="1371" count="0" type="stmt"/>
      <line num="1373" count="0" type="stmt"/>
      <line num="1378" count="0" type="cond" truecount="0" falsecount="2"/>
      <line num="1379" count="0" type="stmt"/>
      <line num="1382" count="0" type="stmt"/>
      <line num="1386" count="0" type="stmt"/>
      <line num="1387" count="0" type="stmt"/>
      <line num="1389" count="0" type="cond" truecount="0" falsecount="2"/>
      <line num="1394" count="1" type="stmt"/>
      <line num="1396" count="0" type="stmt"/>
      <line num="1397" count="0" type="stmt"/>
      <line num="1399" count="0" type="stmt"/>
      <line num="1400" count="0" type="stmt"/>
      <line num="1403" count="0" type="stmt"/>
      <line num="1406" count="0" type="stmt"/>
      <line num="1408" count="0" type="cond" truecount="0" falsecount="2"/>
      <line num="1409" count="0" type="stmt"/>
      <line num="1410" count="0" type="stmt"/>
      <line num="1413" count="0" type="stmt"/>
      <line num="1414" count="0" type="stmt"/>
      <line num="1417" count="0" type="cond" truecount="0" falsecount="2"/>
      <line num="1419" count="0" type="cond" truecount="0" falsecount="4"/>
      <line num="1420" count="0" type="stmt"/>
      <line num="1422" count="0" type="stmt"/>
      <line num="1423" count="0" type="stmt"/>
      <line num="1425" count="0" type="cond" truecount="0" falsecount="4"/>
      <line num="1439" count="1" type="stmt"/>
      <line num="1441" count="0" type="stmt"/>
      <line num="1442" count="0" type="stmt"/>
      <line num="1443" count="0" type="stmt"/>
      <line num="1445" count="0" type="stmt"/>
      <line num="1453" count="0" type="stmt"/>
      <line num="1455" count="0" type="stmt"/>
      <line num="1456" count="0" type="stmt"/>
      <line num="1458" count="0" type="cond" truecount="0" falsecount="2"/>
      <line num="1463" count="1" type="stmt"/>
      <line num="1465" count="1" type="stmt"/>
      <line num="1466" count="0" type="stmt"/>
      <line num="1467" count="0" type="stmt"/>
      <line num="1468" count="0" type="stmt"/>
      <line num="1471" count="0" type="stmt"/>
      <line num="1472" count="0" type="stmt"/>
      <line num="1474" count="0" type="stmt"/>
      <line num="1480" count="0" type="stmt"/>
      <line num="1481" count="0" type="stmt"/>
      <line num="1483" count="0" type="stmt"/>
      <line num="1484" count="0" type="stmt"/>
      <line num="1489" count="1" type="stmt"/>
      <line num="1491" count="0" type="stmt"/>
      <line num="1492" count="0" type="stmt"/>
      <line num="1494" count="0" type="stmt"/>
      <line num="1501" count="0" type="stmt"/>
      <line num="1503" count="0" type="stmt"/>
      <line num="1504" count="0" type="stmt"/>
      <line num="1506" count="0" type="cond" truecount="0" falsecount="2"/>
      <line num="1511" count="1" type="stmt"/>
      <line num="1513" count="0" type="stmt"/>
      <line num="1514" count="0" type="stmt"/>
      <line num="1516" count="0" type="stmt"/>
      <line num="1526" count="0" type="stmt"/>
      <line num="1528" count="0" type="stmt"/>
      <line num="1529" count="0" type="stmt"/>
      <line num="1531" count="0" type="cond" truecount="0" falsecount="2"/>
      <line num="1536" count="1" type="stmt"/>
      <line num="1538" count="0" type="stmt"/>
      <line num="1539" count="0" type="stmt"/>
      <line num="1541" count="0" type="stmt"/>
      <line num="1552" count="0" type="stmt"/>
      <line num="1554" count="0" type="stmt"/>
      <line num="1555" count="0" type="stmt"/>
      <line num="1557" count="0" type="cond" truecount="0" falsecount="2"/>
      <line num="1565" count="1" type="cond" truecount="2" falsecount="0"/>
      <line num="1569" count="1" type="cond" truecount="1" falsecount="1"/>
      <line num="1570" count="0" type="stmt"/>
      <line num="1571" count="0" type="stmt"/>
      <line num="1575" count="1" type="stmt"/>
      <line num="1579" count="1" type="stmt"/>
    </file>
  </project>
</coverage>
