{"C:\\Users\\Asus\\Desktop\\PESU\\SE\\mini_project\\PESU_RR_AIML_B_P04_Insurance_workflow_automation_software_Logicore\\server.js": {"path":"C:\\Users\\Asus\\Desktop\\PESU\\SE\\mini_project\\PESU_RR_AIML_B_P04_Insurance_workflow_automation_software_Logicore\\server.js","statementMap":{"0":{"start":{"line":2,"column":0},"end":{"line":2,"column":27}},"1":{"start":{"line":3,"column":16},"end":{"line":3,"column":34}},"2":{"start":{"line":4,"column":14},"end":{"line":4,"column":39}},"3":{"start":{"line":5,"column":13},"end":{"line":5,"column":33}},"4":{"start":{"line":6,"column":13},"end":{"line":6,"column":28}},"5":{"start":{"line":7,"column":15},"end":{"line":7,"column":32}},"6":{"start":{"line":8,"column":19},"end":{"line":8,"column":21}},"7":{"start":{"line":9,"column":12},"end":{"line":9,"column":35}},"8":{"start":{"line":11,"column":15},"end":{"line":11,"column":32}},"9":{"start":{"line":12,"column":11},"end":{"line":12,"column":24}},"10":{"start":{"line":13,"column":19},"end":{"line":13,"column":74}},"11":{"start":{"line":17,"column":12},"end":{"line":17,"column":21}},"12":{"start":{"line":18,"column":13},"end":{"line":18,"column":17}},"13":{"start":{"line":19,"column":0},"end":{"line":19,"column":16}},"14":{"start":{"line":20,"column":0},"end":{"line":20,"column":24}},"15":{"start":{"line":24,"column":17},"end":{"line":29,"column":1}},"16":{"start":{"line":31,"column":22},"end":{"line":46,"column":1}},"17":{"start":{"line":33,"column":4},"end":{"line":45,"column":5}},"18":{"start":{"line":34,"column":8},"end":{"line":34,"column":60}},"19":{"start":{"line":35,"column":8},"end":{"line":39,"column":10}},"20":{"start":{"line":40,"column":8},"end":{"line":40,"column":122}},"21":{"start":{"line":42,"column":8},"end":{"line":42,"column":75}},"22":{"start":{"line":44,"column":8},"end":{"line":44,"column":47}},"23":{"start":{"line":44,"column":24},"end":{"line":44,"column":47}},"24":{"start":{"line":52,"column":13},"end":{"line":144,"column":2}},"25":{"start":{"line":54,"column":4},"end":{"line":143,"column":5}},"26":{"start":{"line":55,"column":8},"end":{"line":55,"column":81}},"27":{"start":{"line":57,"column":8},"end":{"line":62,"column":11}},"28":{"start":{"line":65,"column":28},"end":{"line":71,"column":10}},"29":{"start":{"line":73,"column":8},"end":{"line":76,"column":9}},"30":{"start":{"line":74,"column":12},"end":{"line":74,"column":77}},"31":{"start":{"line":75,"column":12},"end":{"line":75,"column":19}},"32":{"start":{"line":78,"column":8},"end":{"line":78,"column":90}},"33":{"start":{"line":81,"column":8},"end":{"line":130,"column":9}},"34":{"start":{"line":82,"column":12},"end":{"line":129,"column":13}},"35":{"start":{"line":84,"column":27},"end":{"line":84,"column":32}},"36":{"start":{"line":85,"column":34},"end":{"line":85,"column":36}},"37":{"start":{"line":87,"column":16},"end":{"line":92,"column":17}},"38":{"start":{"line":89,"column":20},"end":{"line":89,"column":122}},"39":{"start":{"line":90,"column":20},"end":{"line":90,"column":32}},"40":{"start":{"line":91,"column":20},"end":{"line":91,"column":42}},"41":{"start":{"line":94,"column":16},"end":{"line":99,"column":17}},"42":{"start":{"line":96,"column":20},"end":{"line":96,"column":120}},"43":{"start":{"line":97,"column":20},"end":{"line":97,"column":32}},"44":{"start":{"line":98,"column":20},"end":{"line":98,"column":63}},"45":{"start":{"line":101,"column":16},"end":{"line":115,"column":17}},"46":{"start":{"line":103,"column":20},"end":{"line":106,"column":22}},"47":{"start":{"line":107,"column":20},"end":{"line":107,"column":97}},"48":{"start":{"line":110,"column":20},"end":{"line":113,"column":22}},"49":{"start":{"line":114,"column":20},"end":{"line":114,"column":122}},"50":{"start":{"line":118,"column":16},"end":{"line":118,"column":129}},"51":{"start":{"line":121,"column":16},"end":{"line":128,"column":17}},"52":{"start":{"line":122,"column":20},"end":{"line":125,"column":22}},"53":{"start":{"line":127,"column":20},"end":{"line":127,"column":133}},"54":{"start":{"line":133,"column":8},"end":{"line":133,"column":90}},"55":{"start":{"line":136,"column":8},"end":{"line":142,"column":9}},"56":{"start":{"line":137,"column":12},"end":{"line":141,"column":13}},"57":{"start":{"line":138,"column":16},"end":{"line":138,"column":39}},"58":{"start":{"line":140,"column":16},"end":{"line":140,"column":97}},"59":{"start":{"line":149,"column":18},"end":{"line":170,"column":1}},"60":{"start":{"line":150,"column":4},"end":{"line":169,"column":5}},"61":{"start":{"line":151,"column":8},"end":{"line":153,"column":9}},"62":{"start":{"line":152,"column":12},"end":{"line":152,"column":49}},"63":{"start":{"line":154,"column":22},"end":{"line":154,"column":61}},"64":{"start":{"line":155,"column":29},"end":{"line":155,"column":58}},"65":{"start":{"line":156,"column":8},"end":{"line":156,"column":32}},"66":{"start":{"line":157,"column":8},"end":{"line":157,"column":15}},"67":{"start":{"line":159,"column":8},"end":{"line":159,"column":52}},"68":{"start":{"line":161,"column":8},"end":{"line":168,"column":9}},"69":{"start":{"line":162,"column":13},"end":{"line":162,"column":93}},"70":{"start":{"line":163,"column":15},"end":{"line":168,"column":9}},"71":{"start":{"line":164,"column":13},"end":{"line":164,"column":86}},"72":{"start":{"line":167,"column":12},"end":{"line":167,"column":70}},"73":{"start":{"line":173,"column":19},"end":{"line":179,"column":1}},"74":{"start":{"line":175,"column":4},"end":{"line":177,"column":5}},"75":{"start":{"line":176,"column":8},"end":{"line":176,"column":84}},"76":{"start":{"line":178,"column":4},"end":{"line":178,"column":11}},"77":{"start":{"line":186,"column":4},"end":{"line":186,"column":60}},"78":{"start":{"line":187,"column":4},"end":{"line":397,"column":5}},"79":{"start":{"line":188,"column":8},"end":{"line":188,"column":60}},"80":{"start":{"line":189,"column":8},"end":{"line":189,"column":44}},"81":{"start":{"line":192,"column":28},"end":{"line":195,"column":9}},"82":{"start":{"line":196,"column":8},"end":{"line":200,"column":9}},"83":{"start":{"line":197,"column":12},"end":{"line":197,"column":86}},"84":{"start":{"line":198,"column":12},"end":{"line":198,"column":40}},"85":{"start":{"line":199,"column":12},"end":{"line":199,"column":19}},"86":{"start":{"line":201,"column":22},"end":{"line":201,"column":34}},"87":{"start":{"line":202,"column":34},"end":{"line":202,"column":51}},"88":{"start":{"line":203,"column":33},"end":{"line":203,"column":57}},"89":{"start":{"line":205,"column":8},"end":{"line":209,"column":9}},"90":{"start":{"line":206,"column":12},"end":{"line":206,"column":99}},"91":{"start":{"line":207,"column":12},"end":{"line":207,"column":40}},"92":{"start":{"line":208,"column":12},"end":{"line":208,"column":19}},"93":{"start":{"line":212,"column":27},"end":{"line":215,"column":9}},"94":{"start":{"line":217,"column":8},"end":{"line":222,"column":9}},"95":{"start":{"line":218,"column":12},"end":{"line":218,"column":145}},"96":{"start":{"line":219,"column":12},"end":{"line":219,"column":113}},"97":{"start":{"line":220,"column":12},"end":{"line":220,"column":38}},"98":{"start":{"line":221,"column":12},"end":{"line":221,"column":19}},"99":{"start":{"line":223,"column":28},"end":{"line":223,"column":39}},"100":{"start":{"line":225,"column":25},"end":{"line":225,"column":27}},"101":{"start":{"line":226,"column":8},"end":{"line":233,"column":9}},"102":{"start":{"line":227,"column":12},"end":{"line":229,"column":63}},"103":{"start":{"line":231,"column":12},"end":{"line":231,"column":138}},"104":{"start":{"line":232,"column":12},"end":{"line":232,"column":63}},"105":{"start":{"line":236,"column":8},"end":{"line":236,"column":129}},"106":{"start":{"line":239,"column":28},"end":{"line":239,"column":33}},"107":{"start":{"line":240,"column":32},"end":{"line":240,"column":37}},"108":{"start":{"line":241,"column":28},"end":{"line":241,"column":32}},"109":{"start":{"line":244,"column":31},"end":{"line":247,"column":9}},"110":{"start":{"line":248,"column":8},"end":{"line":252,"column":9}},"111":{"start":{"line":249,"column":12},"end":{"line":249,"column":55}},"112":{"start":{"line":251,"column":13},"end":{"line":251,"column":121}},"113":{"start":{"line":255,"column":8},"end":{"line":352,"column":9}},"114":{"start":{"line":257,"column":16},"end":{"line":257,"column":95}},"115":{"start":{"line":259,"column":16},"end":{"line":290,"column":17}},"116":{"start":{"line":260,"column":20},"end":{"line":267,"column":21}},"117":{"start":{"line":261,"column":24},"end":{"line":261,"column":127}},"118":{"start":{"line":261,"column":55},"end":{"line":261,"column":127}},"119":{"start":{"line":262,"column":24},"end":{"line":262,"column":138}},"120":{"start":{"line":263,"column":24},"end":{"line":263,"column":114}},"121":{"start":{"line":265,"column":24},"end":{"line":265,"column":154}},"122":{"start":{"line":268,"column":23},"end":{"line":290,"column":17}},"123":{"start":{"line":269,"column":20},"end":{"line":269,"column":213}},"124":{"start":{"line":270,"column":20},"end":{"line":270,"column":87}},"125":{"start":{"line":271,"column":23},"end":{"line":290,"column":17}},"126":{"start":{"line":272,"column":20},"end":{"line":272,"column":122}},"127":{"start":{"line":272,"column":52},"end":{"line":272,"column":122}},"128":{"start":{"line":273,"column":20},"end":{"line":273,"column":136}},"129":{"start":{"line":274,"column":20},"end":{"line":280,"column":21}},"130":{"start":{"line":275,"column":24},"end":{"line":275,"column":88}},"131":{"start":{"line":276,"column":24},"end":{"line":276,"column":49}},"132":{"start":{"line":277,"column":24},"end":{"line":277,"column":45}},"133":{"start":{"line":279,"column":24},"end":{"line":279,"column":72}},"134":{"start":{"line":281,"column":23},"end":{"line":290,"column":17}},"135":{"start":{"line":282,"column":21},"end":{"line":282,"column":123}},"136":{"start":{"line":282,"column":52},"end":{"line":282,"column":123}},"137":{"start":{"line":283,"column":21},"end":{"line":284,"column":99}},"138":{"start":{"line":285,"column":21},"end":{"line":285,"column":123}},"139":{"start":{"line":288,"column":21},"end":{"line":288,"column":91}},"140":{"start":{"line":291,"column":16},"end":{"line":291,"column":61}},"141":{"start":{"line":291,"column":40},"end":{"line":291,"column":61}},"142":{"start":{"line":292,"column":16},"end":{"line":292,"column":22}},"143":{"start":{"line":295,"column":16},"end":{"line":295,"column":147}},"144":{"start":{"line":297,"column":16},"end":{"line":297,"column":38}},"145":{"start":{"line":298,"column":16},"end":{"line":298,"column":22}},"146":{"start":{"line":301,"column":37},"end":{"line":301,"column":69}},"147":{"start":{"line":302,"column":16},"end":{"line":302,"column":93}},"148":{"start":{"line":304,"column":16},"end":{"line":326,"column":40}},"149":{"start":{"line":305,"column":20},"end":{"line":305,"column":108}},"150":{"start":{"line":307,"column":20},"end":{"line":325,"column":21}},"151":{"start":{"line":308,"column":24},"end":{"line":308,"column":81}},"152":{"start":{"line":310,"column":47},"end":{"line":313,"column":25}},"153":{"start":{"line":314,"column":24},"end":{"line":314,"column":52}},"154":{"start":{"line":316,"column":24},"end":{"line":321,"column":25}},"155":{"start":{"line":317,"column":29},"end":{"line":317,"column":133}},"156":{"start":{"line":318,"column":29},"end":{"line":318,"column":78}},"157":{"start":{"line":318,"column":48},"end":{"line":318,"column":76}},"158":{"start":{"line":320,"column":29},"end":{"line":320,"column":135}},"159":{"start":{"line":323,"column":24},"end":{"line":323,"column":120}},"160":{"start":{"line":324,"column":25},"end":{"line":324,"column":74}},"161":{"start":{"line":324,"column":46},"end":{"line":324,"column":74}},"162":{"start":{"line":328,"column":16},"end":{"line":328,"column":38}},"163":{"start":{"line":329,"column":16},"end":{"line":329,"column":41}},"164":{"start":{"line":330,"column":16},"end":{"line":330,"column":22}},"165":{"start":{"line":333,"column":16},"end":{"line":333,"column":94}},"166":{"start":{"line":335,"column":16},"end":{"line":342,"column":17}},"167":{"start":{"line":336,"column":21},"end":{"line":336,"column":115}},"168":{"start":{"line":336,"column":47},"end":{"line":336,"column":115}},"169":{"start":{"line":337,"column":21},"end":{"line":337,"column":116}},"170":{"start":{"line":340,"column":21},"end":{"line":340,"column":86}},"171":{"start":{"line":343,"column":16},"end":{"line":343,"column":37}},"172":{"start":{"line":344,"column":16},"end":{"line":344,"column":22}},"173":{"start":{"line":347,"column":16},"end":{"line":347,"column":89}},"174":{"start":{"line":348,"column":16},"end":{"line":348,"column":38}},"175":{"start":{"line":349,"column":16},"end":{"line":349,"column":37}},"176":{"start":{"line":350,"column":16},"end":{"line":351,"column":127}},"177":{"start":{"line":355,"column":8},"end":{"line":377,"column":9}},"178":{"start":{"line":356,"column":12},"end":{"line":356,"column":129}},"179":{"start":{"line":357,"column":12},"end":{"line":360,"column":14}},"180":{"start":{"line":361,"column":12},"end":{"line":361,"column":38}},"181":{"start":{"line":363,"column":12},"end":{"line":367,"column":13}},"182":{"start":{"line":364,"column":16},"end":{"line":364,"column":65}},"183":{"start":{"line":364,"column":35},"end":{"line":364,"column":63}},"184":{"start":{"line":366,"column":16},"end":{"line":366,"column":114}},"185":{"start":{"line":368,"column":15},"end":{"line":377,"column":9}},"186":{"start":{"line":369,"column":13},"end":{"line":369,"column":85}},"187":{"start":{"line":370,"column":13},"end":{"line":370,"column":39}},"188":{"start":{"line":371,"column":15},"end":{"line":377,"column":9}},"189":{"start":{"line":372,"column":13},"end":{"line":372,"column":141}},"190":{"start":{"line":373,"column":13},"end":{"line":373,"column":39}},"191":{"start":{"line":375,"column":12},"end":{"line":375,"column":120}},"192":{"start":{"line":376,"column":12},"end":{"line":376,"column":38}},"193":{"start":{"line":380,"column":8},"end":{"line":380,"column":101}},"194":{"start":{"line":381,"column":8},"end":{"line":383,"column":9}},"195":{"start":{"line":382,"column":13},"end":{"line":382,"column":113}},"196":{"start":{"line":382,"column":19},"end":{"line":382,"column":47}},"197":{"start":{"line":382,"column":68},"end":{"line":382,"column":111}},"198":{"start":{"line":385,"column":8},"end":{"line":391,"column":9}},"199":{"start":{"line":386,"column":13},"end":{"line":386,"column":65}},"200":{"start":{"line":387,"column":13},"end":{"line":388,"column":82}},"201":{"start":{"line":390,"column":13},"end":{"line":390,"column":123}},"202":{"start":{"line":394,"column":8},"end":{"line":396,"column":9}},"203":{"start":{"line":395,"column":13},"end":{"line":395,"column":121}},"204":{"start":{"line":395,"column":19},"end":{"line":395,"column":42}},"205":{"start":{"line":395,"column":64},"end":{"line":395,"column":119}},"206":{"start":{"line":404,"column":0},"end":{"line":458,"column":3}},"207":{"start":{"line":406,"column":4},"end":{"line":457,"column":5}},"208":{"start":{"line":407,"column":43},"end":{"line":407,"column":51}},"209":{"start":{"line":408,"column":8},"end":{"line":410,"column":9}},"210":{"start":{"line":409,"column":13},"end":{"line":409,"column":95}},"211":{"start":{"line":412,"column":8},"end":{"line":412,"column":60}},"212":{"start":{"line":413,"column":23},"end":{"line":418,"column":9}},"213":{"start":{"line":420,"column":8},"end":{"line":422,"column":9}},"214":{"start":{"line":421,"column":12},"end":{"line":421,"column":92}},"215":{"start":{"line":424,"column":38},"end":{"line":424,"column":45}},"216":{"start":{"line":425,"column":8},"end":{"line":427,"column":9}},"217":{"start":{"line":426,"column":12},"end":{"line":426,"column":115}},"218":{"start":{"line":428,"column":31},"end":{"line":428,"column":55}},"219":{"start":{"line":429,"column":8},"end":{"line":429,"column":104}},"220":{"start":{"line":429,"column":35},"end":{"line":429,"column":104}},"221":{"start":{"line":432,"column":26},"end":{"line":432,"column":39}},"222":{"start":{"line":433,"column":8},"end":{"line":433,"column":104}},"223":{"start":{"line":433,"column":40},"end":{"line":433,"column":104}},"224":{"start":{"line":434,"column":22},"end":{"line":434,"column":32}},"225":{"start":{"line":435,"column":18},"end":{"line":435,"column":63}},"226":{"start":{"line":436,"column":18},"end":{"line":436,"column":57}},"227":{"start":{"line":437,"column":8},"end":{"line":439,"column":9}},"228":{"start":{"line":438,"column":12},"end":{"line":438,"column":18}},"229":{"start":{"line":441,"column":27},"end":{"line":441,"column":41}},"230":{"start":{"line":442,"column":23},"end":{"line":442,"column":24}},"231":{"start":{"line":445,"column":8},"end":{"line":448,"column":9}},"232":{"start":{"line":446,"column":12},"end":{"line":446,"column":45}},"233":{"start":{"line":447,"column":12},"end":{"line":447,"column":53}},"234":{"start":{"line":450,"column":8},"end":{"line":450,"column":119}},"235":{"start":{"line":453,"column":8},"end":{"line":453,"column":56}},"236":{"start":{"line":454,"column":8},"end":{"line":454,"column":90}},"237":{"start":{"line":456,"column":8},"end":{"line":456,"column":47}},"238":{"start":{"line":456,"column":24},"end":{"line":456,"column":47}},"239":{"start":{"line":461,"column":0},"end":{"line":498,"column":3}},"240":{"start":{"line":463,"column":4},"end":{"line":497,"column":5}},"241":{"start":{"line":464,"column":42},"end":{"line":464,"column":50}},"242":{"start":{"line":465,"column":8},"end":{"line":467,"column":9}},"243":{"start":{"line":466,"column":12},"end":{"line":466,"column":94}},"244":{"start":{"line":469,"column":8},"end":{"line":471,"column":9}},"245":{"start":{"line":470,"column":12},"end":{"line":470,"column":76}},"246":{"start":{"line":473,"column":8},"end":{"line":475,"column":9}},"247":{"start":{"line":474,"column":13},"end":{"line":474,"column":100}},"248":{"start":{"line":478,"column":31},"end":{"line":478,"column":70}},"249":{"start":{"line":479,"column":28},"end":{"line":479,"column":48}},"250":{"start":{"line":481,"column":8},"end":{"line":481,"column":60}},"251":{"start":{"line":482,"column":8},"end":{"line":485,"column":10}},"252":{"start":{"line":487,"column":8},"end":{"line":487,"column":88}},"253":{"start":{"line":490,"column":8},"end":{"line":492,"column":9}},"254":{"start":{"line":491,"column":12},"end":{"line":491,"column":88}},"255":{"start":{"line":493,"column":8},"end":{"line":493,"column":56}},"256":{"start":{"line":494,"column":8},"end":{"line":494,"column":86}},"257":{"start":{"line":496,"column":8},"end":{"line":496,"column":47}},"258":{"start":{"line":496,"column":24},"end":{"line":496,"column":47}},"259":{"start":{"line":501,"column":0},"end":{"line":547,"column":3}},"260":{"start":{"line":503,"column":4},"end":{"line":546,"column":5}},"261":{"start":{"line":504,"column":36},"end":{"line":504,"column":44}},"262":{"start":{"line":505,"column":8},"end":{"line":507,"column":9}},"263":{"start":{"line":506,"column":13},"end":{"line":506,"column":88}},"264":{"start":{"line":509,"column":8},"end":{"line":509,"column":60}},"265":{"start":{"line":510,"column":23},"end":{"line":510,"column":100}},"266":{"start":{"line":512,"column":8},"end":{"line":516,"column":9}},"267":{"start":{"line":514,"column":12},"end":{"line":514,"column":100}},"268":{"start":{"line":515,"column":12},"end":{"line":515,"column":80}},"269":{"start":{"line":517,"column":21},"end":{"line":517,"column":28}},"270":{"start":{"line":518,"column":8},"end":{"line":521,"column":9}},"271":{"start":{"line":519,"column":13},"end":{"line":519,"column":76}},"272":{"start":{"line":520,"column":13},"end":{"line":520,"column":81}},"273":{"start":{"line":523,"column":32},"end":{"line":523,"column":77}},"274":{"start":{"line":524,"column":8},"end":{"line":528,"column":9}},"275":{"start":{"line":526,"column":12},"end":{"line":526,"column":105}},"276":{"start":{"line":527,"column":12},"end":{"line":527,"column":80}},"277":{"start":{"line":531,"column":8},"end":{"line":531,"column":69}},"278":{"start":{"line":534,"column":22},"end":{"line":537,"column":9}},"279":{"start":{"line":539,"column":8},"end":{"line":539,"column":58}},"280":{"start":{"line":542,"column":8},"end":{"line":542,"column":55}},"281":{"start":{"line":543,"column":8},"end":{"line":543,"column":79}},"282":{"start":{"line":545,"column":8},"end":{"line":545,"column":47}},"283":{"start":{"line":545,"column":24},"end":{"line":545,"column":47}},"284":{"start":{"line":550,"column":0},"end":{"line":596,"column":3}},"285":{"start":{"line":552,"column":4},"end":{"line":595,"column":5}},"286":{"start":{"line":553,"column":36},"end":{"line":553,"column":44}},"287":{"start":{"line":554,"column":8},"end":{"line":556,"column":9}},"288":{"start":{"line":555,"column":13},"end":{"line":555,"column":88}},"289":{"start":{"line":558,"column":8},"end":{"line":558,"column":60}},"290":{"start":{"line":559,"column":23},"end":{"line":559,"column":105}},"291":{"start":{"line":561,"column":8},"end":{"line":565,"column":9}},"292":{"start":{"line":563,"column":12},"end":{"line":563,"column":103}},"293":{"start":{"line":564,"column":12},"end":{"line":564,"column":80}},"294":{"start":{"line":566,"column":22},"end":{"line":566,"column":29}},"295":{"start":{"line":567,"column":8},"end":{"line":570,"column":9}},"296":{"start":{"line":568,"column":13},"end":{"line":568,"column":75}},"297":{"start":{"line":569,"column":13},"end":{"line":569,"column":81}},"298":{"start":{"line":572,"column":32},"end":{"line":572,"column":78}},"299":{"start":{"line":573,"column":8},"end":{"line":577,"column":9}},"300":{"start":{"line":575,"column":12},"end":{"line":575,"column":106}},"301":{"start":{"line":576,"column":12},"end":{"line":576,"column":80}},"302":{"start":{"line":580,"column":8},"end":{"line":580,"column":70}},"303":{"start":{"line":583,"column":22},"end":{"line":586,"column":9}},"304":{"start":{"line":588,"column":8},"end":{"line":588,"column":64}},"305":{"start":{"line":591,"column":8},"end":{"line":591,"column":56}},"306":{"start":{"line":592,"column":8},"end":{"line":592,"column":85}},"307":{"start":{"line":594,"column":8},"end":{"line":594,"column":47}},"308":{"start":{"line":594,"column":24},"end":{"line":594,"column":47}},"309":{"start":{"line":602,"column":0},"end":{"line":621,"column":3}},"310":{"start":{"line":604,"column":4},"end":{"line":620,"column":5}},"311":{"start":{"line":605,"column":8},"end":{"line":605,"column":87}},"312":{"start":{"line":605,"column":30},"end":{"line":605,"column":87}},"313":{"start":{"line":606,"column":28},"end":{"line":606,"column":48}},"314":{"start":{"line":608,"column":8},"end":{"line":608,"column":60}},"315":{"start":{"line":609,"column":23},"end":{"line":613,"column":9}},"316":{"start":{"line":614,"column":8},"end":{"line":614,"column":23}},"317":{"start":{"line":616,"column":8},"end":{"line":616,"column":55}},"318":{"start":{"line":617,"column":8},"end":{"line":617,"column":82}},"319":{"start":{"line":619,"column":8},"end":{"line":619,"column":47}},"320":{"start":{"line":619,"column":24},"end":{"line":619,"column":47}},"321":{"start":{"line":626,"column":0},"end":{"line":682,"column":3}},"322":{"start":{"line":629,"column":4},"end":{"line":681,"column":5}},"323":{"start":{"line":630,"column":8},"end":{"line":630,"column":87}},"324":{"start":{"line":630,"column":30},"end":{"line":630,"column":87}},"325":{"start":{"line":631,"column":28},"end":{"line":631,"column":48}},"326":{"start":{"line":632,"column":51},"end":{"line":632,"column":59}},"327":{"start":{"line":634,"column":8},"end":{"line":636,"column":9}},"328":{"start":{"line":635,"column":12},"end":{"line":635,"column":103}},"329":{"start":{"line":637,"column":28},"end":{"line":637,"column":46}},"330":{"start":{"line":638,"column":8},"end":{"line":640,"column":9}},"331":{"start":{"line":639,"column":13},"end":{"line":639,"column":77}},"332":{"start":{"line":642,"column":8},"end":{"line":642,"column":39}},"333":{"start":{"line":643,"column":38},"end":{"line":643,"column":57}},"334":{"start":{"line":645,"column":8},"end":{"line":645,"column":60}},"335":{"start":{"line":646,"column":8},"end":{"line":646,"column":44}},"336":{"start":{"line":649,"column":30},"end":{"line":652,"column":9}},"337":{"start":{"line":653,"column":8},"end":{"line":656,"column":9}},"338":{"start":{"line":654,"column":13},"end":{"line":654,"column":41}},"339":{"start":{"line":655,"column":13},"end":{"line":655,"column":109}},"340":{"start":{"line":659,"column":8},"end":{"line":663,"column":10}},"341":{"start":{"line":665,"column":8},"end":{"line":665,"column":34}},"342":{"start":{"line":666,"column":8},"end":{"line":666,"column":31}},"343":{"start":{"line":668,"column":8},"end":{"line":668,"column":81}},"344":{"start":{"line":671,"column":8},"end":{"line":673,"column":9}},"345":{"start":{"line":672,"column":13},"end":{"line":672,"column":63}},"346":{"start":{"line":672,"column":32},"end":{"line":672,"column":61}},"347":{"start":{"line":676,"column":8},"end":{"line":676,"column":52}},"348":{"start":{"line":676,"column":24},"end":{"line":676,"column":52}},"349":{"start":{"line":677,"column":8},"end":{"line":677,"column":52}},"350":{"start":{"line":678,"column":8},"end":{"line":678,"column":79}},"351":{"start":{"line":680,"column":8},"end":{"line":680,"column":91}},"352":{"start":{"line":680,"column":68},"end":{"line":680,"column":91}},"353":{"start":{"line":685,"column":0},"end":{"line":710,"column":3}},"354":{"start":{"line":687,"column":2},"end":{"line":709,"column":3}},"355":{"start":{"line":688,"column":4},"end":{"line":690,"column":5}},"356":{"start":{"line":689,"column":6},"end":{"line":689,"column":63}},"357":{"start":{"line":691,"column":24},"end":{"line":691,"column":44}},"358":{"start":{"line":693,"column":4},"end":{"line":693,"column":56}},"359":{"start":{"line":695,"column":19},"end":{"line":702,"column":5}},"360":{"start":{"line":703,"column":4},"end":{"line":703,"column":19}},"361":{"start":{"line":705,"column":4},"end":{"line":705,"column":58}},"362":{"start":{"line":706,"column":4},"end":{"line":706,"column":85}},"363":{"start":{"line":708,"column":4},"end":{"line":708,"column":43}},"364":{"start":{"line":708,"column":20},"end":{"line":708,"column":43}},"365":{"start":{"line":713,"column":0},"end":{"line":736,"column":3}},"366":{"start":{"line":715,"column":4},"end":{"line":735,"column":5}},"367":{"start":{"line":716,"column":8},"end":{"line":716,"column":87}},"368":{"start":{"line":716,"column":30},"end":{"line":716,"column":87}},"369":{"start":{"line":717,"column":28},"end":{"line":717,"column":48}},"370":{"start":{"line":719,"column":8},"end":{"line":719,"column":60}},"371":{"start":{"line":721,"column":23},"end":{"line":728,"column":9}},"372":{"start":{"line":729,"column":8},"end":{"line":729,"column":23}},"373":{"start":{"line":731,"column":8},"end":{"line":731,"column":66}},"374":{"start":{"line":732,"column":8},"end":{"line":732,"column":84}},"375":{"start":{"line":734,"column":8},"end":{"line":734,"column":47}},"376":{"start":{"line":734,"column":24},"end":{"line":734,"column":47}},"377":{"start":{"line":740,"column":0},"end":{"line":806,"column":3}},"378":{"start":{"line":742,"column":25},"end":{"line":742,"column":35}},"379":{"start":{"line":743,"column":24},"end":{"line":743,"column":44}},"380":{"start":{"line":745,"column":4},"end":{"line":745,"column":110}},"381":{"start":{"line":745,"column":26},"end":{"line":745,"column":110}},"382":{"start":{"line":747,"column":4},"end":{"line":805,"column":5}},"383":{"start":{"line":748,"column":8},"end":{"line":748,"column":60}},"384":{"start":{"line":749,"column":8},"end":{"line":749,"column":44}},"385":{"start":{"line":752,"column":29},"end":{"line":758,"column":9}},"386":{"start":{"line":760,"column":8},"end":{"line":763,"column":9}},"387":{"start":{"line":761,"column":12},"end":{"line":761,"column":40}},"388":{"start":{"line":762,"column":12},"end":{"line":762,"column":108}},"389":{"start":{"line":765,"column":23},"end":{"line":765,"column":36}},"390":{"start":{"line":766,"column":28},"end":{"line":766,"column":49}},"391":{"start":{"line":768,"column":8},"end":{"line":771,"column":9}},"392":{"start":{"line":769,"column":12},"end":{"line":769,"column":40}},"393":{"start":{"line":770,"column":12},"end":{"line":770,"column":134}},"394":{"start":{"line":774,"column":27},"end":{"line":774,"column":50}},"395":{"start":{"line":775,"column":31},"end":{"line":775,"column":55}},"396":{"start":{"line":777,"column":8},"end":{"line":781,"column":10}},"397":{"start":{"line":784,"column":8},"end":{"line":788,"column":10}},"398":{"start":{"line":790,"column":8},"end":{"line":790,"column":34}},"399":{"start":{"line":793,"column":8},"end":{"line":797,"column":12}},"400":{"start":{"line":800,"column":8},"end":{"line":800,"column":52}},"401":{"start":{"line":800,"column":24},"end":{"line":800,"column":52}},"402":{"start":{"line":801,"column":8},"end":{"line":801,"column":81}},"403":{"start":{"line":802,"column":8},"end":{"line":802,"column":89}},"404":{"start":{"line":804,"column":8},"end":{"line":804,"column":91}},"405":{"start":{"line":804,"column":68},"end":{"line":804,"column":91}},"406":{"start":{"line":812,"column":0},"end":{"line":831,"column":3}},"407":{"start":{"line":814,"column":4},"end":{"line":830,"column":5}},"408":{"start":{"line":815,"column":8},"end":{"line":815,"column":60}},"409":{"start":{"line":817,"column":23},"end":{"line":823,"column":9}},"410":{"start":{"line":824,"column":8},"end":{"line":824,"column":23}},"411":{"start":{"line":826,"column":8},"end":{"line":826,"column":63}},"412":{"start":{"line":827,"column":8},"end":{"line":827,"column":90}},"413":{"start":{"line":829,"column":8},"end":{"line":829,"column":47}},"414":{"start":{"line":829,"column":24},"end":{"line":829,"column":47}},"415":{"start":{"line":834,"column":0},"end":{"line":914,"column":3}},"416":{"start":{"line":836,"column":20},"end":{"line":836,"column":38}},"417":{"start":{"line":837,"column":24},"end":{"line":837,"column":28}},"418":{"start":{"line":838,"column":26},"end":{"line":838,"column":34}},"419":{"start":{"line":839,"column":20},"end":{"line":839,"column":37}},"420":{"start":{"line":841,"column":4},"end":{"line":913,"column":5}},"421":{"start":{"line":842,"column":8},"end":{"line":844,"column":9}},"422":{"start":{"line":843,"column":12},"end":{"line":843,"column":109}},"423":{"start":{"line":846,"column":8},"end":{"line":846,"column":60}},"424":{"start":{"line":847,"column":8},"end":{"line":847,"column":44}},"425":{"start":{"line":850,"column":28},"end":{"line":850,"column":191}},"426":{"start":{"line":852,"column":8},"end":{"line":855,"column":9}},"427":{"start":{"line":853,"column":13},"end":{"line":853,"column":41}},"428":{"start":{"line":854,"column":13},"end":{"line":854,"column":101}},"429":{"start":{"line":857,"column":26},"end":{"line":857,"column":51}},"430":{"start":{"line":858,"column":40},"end":{"line":858,"column":71}},"431":{"start":{"line":859,"column":27},"end":{"line":859,"column":51}},"432":{"start":{"line":862,"column":8},"end":{"line":876,"column":9}},"433":{"start":{"line":863,"column":35},"end":{"line":866,"column":13}},"434":{"start":{"line":867,"column":12},"end":{"line":872,"column":13}},"435":{"start":{"line":868,"column":16},"end":{"line":868,"column":59}},"436":{"start":{"line":870,"column":17},"end":{"line":870,"column":143}},"437":{"start":{"line":874,"column":13},"end":{"line":874,"column":124}},"438":{"start":{"line":879,"column":27},"end":{"line":879,"column":84}},"439":{"start":{"line":880,"column":25},"end":{"line":884,"column":9}},"440":{"start":{"line":886,"column":8},"end":{"line":889,"column":9}},"441":{"start":{"line":887,"column":12},"end":{"line":887,"column":40}},"442":{"start":{"line":888,"column":12},"end":{"line":888,"column":107}},"443":{"start":{"line":891,"column":8},"end":{"line":891,"column":34}},"444":{"start":{"line":892,"column":8},"end":{"line":892,"column":31}},"445":{"start":{"line":896,"column":8},"end":{"line":896,"column":133}},"446":{"start":{"line":898,"column":8},"end":{"line":898,"column":82}},"447":{"start":{"line":901,"column":8},"end":{"line":905,"column":9}},"448":{"start":{"line":902,"column":13},"end":{"line":902,"column":62}},"449":{"start":{"line":902,"column":32},"end":{"line":902,"column":60}},"450":{"start":{"line":904,"column":13},"end":{"line":904,"column":111}},"451":{"start":{"line":908,"column":8},"end":{"line":908,"column":61}},"452":{"start":{"line":909,"column":8},"end":{"line":909,"column":52}},"453":{"start":{"line":909,"column":24},"end":{"line":909,"column":52}},"454":{"start":{"line":910,"column":8},"end":{"line":910,"column":88}},"455":{"start":{"line":912,"column":8},"end":{"line":912,"column":91}},"456":{"start":{"line":912,"column":68},"end":{"line":912,"column":91}},"457":{"start":{"line":917,"column":0},"end":{"line":943,"column":3}},"458":{"start":{"line":919,"column":4},"end":{"line":942,"column":5}},"459":{"start":{"line":920,"column":8},"end":{"line":920,"column":60}},"460":{"start":{"line":922,"column":23},"end":{"line":935,"column":9}},"461":{"start":{"line":936,"column":8},"end":{"line":936,"column":23}},"462":{"start":{"line":938,"column":8},"end":{"line":938,"column":65}},"463":{"start":{"line":939,"column":8},"end":{"line":939,"column":92}},"464":{"start":{"line":941,"column":8},"end":{"line":941,"column":47}},"465":{"start":{"line":941,"column":24},"end":{"line":941,"column":47}},"466":{"start":{"line":946,"column":0},"end":{"line":1029,"column":3}},"467":{"start":{"line":948,"column":25},"end":{"line":948,"column":35}},"468":{"start":{"line":949,"column":65},"end":{"line":949,"column":73}},"469":{"start":{"line":951,"column":4},"end":{"line":1028,"column":5}},"470":{"start":{"line":952,"column":8},"end":{"line":952,"column":60}},"471":{"start":{"line":953,"column":8},"end":{"line":953,"column":44}},"472":{"start":{"line":956,"column":29},"end":{"line":959,"column":9}},"473":{"start":{"line":961,"column":8},"end":{"line":964,"column":9}},"474":{"start":{"line":962,"column":12},"end":{"line":962,"column":40}},"475":{"start":{"line":963,"column":12},"end":{"line":963,"column":72}},"476":{"start":{"line":966,"column":23},"end":{"line":966,"column":36}},"477":{"start":{"line":967,"column":25},"end":{"line":967,"column":27}},"478":{"start":{"line":968,"column":24},"end":{"line":968,"column":26}},"479":{"start":{"line":971,"column":8},"end":{"line":1015,"column":9}},"480":{"start":{"line":973,"column":12},"end":{"line":973,"column":49}},"481":{"start":{"line":974,"column":12},"end":{"line":981,"column":14}},"482":{"start":{"line":982,"column":12},"end":{"line":982,"column":100}},"483":{"start":{"line":984,"column":15},"end":{"line":1015,"column":9}},"484":{"start":{"line":988,"column":12},"end":{"line":991,"column":13}},"485":{"start":{"line":989,"column":16},"end":{"line":989,"column":44}},"486":{"start":{"line":990,"column":16},"end":{"line":990,"column":118}},"487":{"start":{"line":994,"column":12},"end":{"line":997,"column":13}},"488":{"start":{"line":995,"column":16},"end":{"line":995,"column":44}},"489":{"start":{"line":996,"column":16},"end":{"line":996,"column":160}},"490":{"start":{"line":1000,"column":12},"end":{"line":1000,"column":35}},"491":{"start":{"line":1001,"column":12},"end":{"line":1008,"column":14}},"492":{"start":{"line":1009,"column":12},"end":{"line":1009,"column":92}},"493":{"start":{"line":1013,"column":12},"end":{"line":1013,"column":40}},"494":{"start":{"line":1014,"column":12},"end":{"line":1014,"column":117}},"495":{"start":{"line":1018,"column":8},"end":{"line":1018,"column":34}},"496":{"start":{"line":1019,"column":8},"end":{"line":1019,"column":32}},"497":{"start":{"line":1020,"column":8},"end":{"line":1020,"column":99}},"498":{"start":{"line":1023,"column":8},"end":{"line":1023,"column":52}},"499":{"start":{"line":1023,"column":24},"end":{"line":1023,"column":52}},"500":{"start":{"line":1024,"column":8},"end":{"line":1024,"column":68}},"501":{"start":{"line":1025,"column":8},"end":{"line":1025,"column":89}},"502":{"start":{"line":1027,"column":8},"end":{"line":1027,"column":91}},"503":{"start":{"line":1027,"column":68},"end":{"line":1027,"column":91}},"504":{"start":{"line":1035,"column":0},"end":{"line":1047,"column":3}},"505":{"start":{"line":1037,"column":4},"end":{"line":1046,"column":5}},"506":{"start":{"line":1038,"column":8},"end":{"line":1038,"column":60}},"507":{"start":{"line":1039,"column":28},"end":{"line":1039,"column":122}},"508":{"start":{"line":1040,"column":8},"end":{"line":1040,"column":28}},"509":{"start":{"line":1042,"column":8},"end":{"line":1042,"column":58}},"510":{"start":{"line":1043,"column":8},"end":{"line":1043,"column":85}},"511":{"start":{"line":1045,"column":8},"end":{"line":1045,"column":47}},"512":{"start":{"line":1045,"column":24},"end":{"line":1045,"column":47}},"513":{"start":{"line":1050,"column":0},"end":{"line":1087,"column":3}},"514":{"start":{"line":1052,"column":4},"end":{"line":1086,"column":5}},"515":{"start":{"line":1053,"column":27},"end":{"line":1053,"column":48}},"516":{"start":{"line":1054,"column":8},"end":{"line":1054,"column":60}},"517":{"start":{"line":1055,"column":31},"end":{"line":1055,"column":120}},"518":{"start":{"line":1057,"column":8},"end":{"line":1059,"column":9}},"519":{"start":{"line":1058,"column":12},"end":{"line":1058,"column":91}},"520":{"start":{"line":1060,"column":28},"end":{"line":1062,"column":10}},"521":{"start":{"line":1064,"column":29},"end":{"line":1064,"column":44}},"522":{"start":{"line":1067,"column":8},"end":{"line":1079,"column":11}},"523":{"start":{"line":1068,"column":26},"end":{"line":1068,"column":28}},"524":{"start":{"line":1069,"column":13},"end":{"line":1077,"column":14}},"525":{"start":{"line":1071,"column":18},"end":{"line":1073,"column":60}},"526":{"start":{"line":1075,"column":18},"end":{"line":1075,"column":110}},"527":{"start":{"line":1078,"column":13},"end":{"line":1078,"column":55}},"528":{"start":{"line":1080,"column":8},"end":{"line":1080,"column":31}},"529":{"start":{"line":1082,"column":8},"end":{"line":1082,"column":82}},"530":{"start":{"line":1083,"column":8},"end":{"line":1083,"column":84}},"531":{"start":{"line":1085,"column":8},"end":{"line":1085,"column":47}},"532":{"start":{"line":1085,"column":24},"end":{"line":1085,"column":47}},"533":{"start":{"line":1090,"column":0},"end":{"line":1137,"column":3}},"534":{"start":{"line":1092,"column":27},"end":{"line":1092,"column":37}},"535":{"start":{"line":1093,"column":27},"end":{"line":1093,"column":35}},"536":{"start":{"line":1096,"column":4},"end":{"line":1096,"column":90}},"537":{"start":{"line":1098,"column":4},"end":{"line":1101,"column":5}},"538":{"start":{"line":1099,"column":8},"end":{"line":1099,"column":73}},"539":{"start":{"line":1100,"column":8},"end":{"line":1100,"column":95}},"540":{"start":{"line":1103,"column":4},"end":{"line":1136,"column":5}},"541":{"start":{"line":1104,"column":8},"end":{"line":1104,"column":60}},"542":{"start":{"line":1105,"column":8},"end":{"line":1105,"column":59}},"543":{"start":{"line":1107,"column":20},"end":{"line":1107,"column":84}},"544":{"start":{"line":1108,"column":23},"end":{"line":1108,"column":63}},"545":{"start":{"line":1111,"column":8},"end":{"line":1111,"column":52}},"546":{"start":{"line":1112,"column":8},"end":{"line":1112,"column":69}},"547":{"start":{"line":1114,"column":25},"end":{"line":1114,"column":62}},"548":{"start":{"line":1117,"column":8},"end":{"line":1117,"column":74}},"549":{"start":{"line":1119,"column":8},"end":{"line":1122,"column":9}},"550":{"start":{"line":1120,"column":12},"end":{"line":1120,"column":103}},"551":{"start":{"line":1121,"column":12},"end":{"line":1121,"column":91}},"552":{"start":{"line":1124,"column":8},"end":{"line":1124,"column":65}},"553":{"start":{"line":1125,"column":8},"end":{"line":1125,"column":93}},"554":{"start":{"line":1129,"column":8},"end":{"line":1129,"column":73}},"555":{"start":{"line":1130,"column":8},"end":{"line":1130,"column":93}},"556":{"start":{"line":1132,"column":8},"end":{"line":1135,"column":9}},"557":{"start":{"line":1133,"column":12},"end":{"line":1133,"column":35}},"558":{"start":{"line":1134,"column":12},"end":{"line":1134,"column":62}},"559":{"start":{"line":1140,"column":0},"end":{"line":1171,"column":3}},"560":{"start":{"line":1142,"column":27},"end":{"line":1142,"column":37}},"561":{"start":{"line":1144,"column":4},"end":{"line":1170,"column":5}},"562":{"start":{"line":1145,"column":8},"end":{"line":1145,"column":60}},"563":{"start":{"line":1146,"column":23},"end":{"line":1149,"column":9}},"564":{"start":{"line":1151,"column":8},"end":{"line":1153,"column":9}},"565":{"start":{"line":1152,"column":12},"end":{"line":1152,"column":91}},"566":{"start":{"line":1155,"column":25},"end":{"line":1155,"column":27}},"567":{"start":{"line":1156,"column":8},"end":{"line":1162,"column":9}},"568":{"start":{"line":1157,"column":12},"end":{"line":1161,"column":13}},"569":{"start":{"line":1158,"column":16},"end":{"line":1158,"column":65}},"570":{"start":{"line":1160,"column":16},"end":{"line":1160,"column":103}},"571":{"start":{"line":1163,"column":8},"end":{"line":1163,"column":33}},"572":{"start":{"line":1166,"column":8},"end":{"line":1166,"column":85}},"573":{"start":{"line":1167,"column":8},"end":{"line":1167,"column":94}},"574":{"start":{"line":1169,"column":8},"end":{"line":1169,"column":47}},"575":{"start":{"line":1169,"column":24},"end":{"line":1169,"column":47}},"576":{"start":{"line":1174,"column":0},"end":{"line":1202,"column":3}},"577":{"start":{"line":1176,"column":4},"end":{"line":1201,"column":5}},"578":{"start":{"line":1177,"column":27},"end":{"line":1177,"column":48}},"579":{"start":{"line":1178,"column":8},"end":{"line":1178,"column":60}},"580":{"start":{"line":1179,"column":24},"end":{"line":1181,"column":9}},"581":{"start":{"line":1183,"column":28},"end":{"line":1194,"column":10}},"582":{"start":{"line":1184,"column":26},"end":{"line":1184,"column":28}},"583":{"start":{"line":1185,"column":13},"end":{"line":1192,"column":14}},"584":{"start":{"line":1187,"column":18},"end":{"line":1189,"column":60}},"585":{"start":{"line":1191,"column":17},"end":{"line":1191,"column":126}},"586":{"start":{"line":1193,"column":12},"end":{"line":1193,"column":54}},"587":{"start":{"line":1195,"column":8},"end":{"line":1195,"column":30}},"588":{"start":{"line":1197,"column":8},"end":{"line":1197,"column":92}},"589":{"start":{"line":1198,"column":8},"end":{"line":1198,"column":90}},"590":{"start":{"line":1200,"column":8},"end":{"line":1200,"column":47}},"591":{"start":{"line":1200,"column":24},"end":{"line":1200,"column":47}},"592":{"start":{"line":1205,"column":0},"end":{"line":1232,"column":3}},"593":{"start":{"line":1207,"column":4},"end":{"line":1231,"column":5}},"594":{"start":{"line":1208,"column":51},"end":{"line":1208,"column":59}},"595":{"start":{"line":1209,"column":8},"end":{"line":1211,"column":9}},"596":{"start":{"line":1210,"column":12},"end":{"line":1210,"column":89}},"597":{"start":{"line":1213,"column":9},"end":{"line":1215,"column":9}},"598":{"start":{"line":1214,"column":12},"end":{"line":1214,"column":128}},"599":{"start":{"line":1217,"column":8},"end":{"line":1217,"column":60}},"600":{"start":{"line":1218,"column":8},"end":{"line":1221,"column":10}},"601":{"start":{"line":1222,"column":8},"end":{"line":1222,"column":89}},"602":{"start":{"line":1224,"column":8},"end":{"line":1226,"column":9}},"603":{"start":{"line":1225,"column":12},"end":{"line":1225,"column":108}},"604":{"start":{"line":1227,"column":8},"end":{"line":1227,"column":57}},"605":{"start":{"line":1228,"column":8},"end":{"line":1228,"column":84}},"606":{"start":{"line":1230,"column":8},"end":{"line":1230,"column":47}},"607":{"start":{"line":1230,"column":24},"end":{"line":1230,"column":47}},"608":{"start":{"line":1235,"column":0},"end":{"line":1259,"column":3}},"609":{"start":{"line":1237,"column":4},"end":{"line":1258,"column":5}},"610":{"start":{"line":1238,"column":27},"end":{"line":1238,"column":48}},"611":{"start":{"line":1239,"column":38},"end":{"line":1239,"column":46}},"612":{"start":{"line":1240,"column":8},"end":{"line":1242,"column":9}},"613":{"start":{"line":1241,"column":12},"end":{"line":1241,"column":81}},"614":{"start":{"line":1244,"column":8},"end":{"line":1244,"column":60}},"615":{"start":{"line":1245,"column":25},"end":{"line":1248,"column":9}},"616":{"start":{"line":1249,"column":8},"end":{"line":1251,"column":9}},"617":{"start":{"line":1250,"column":12},"end":{"line":1250,"column":91}},"618":{"start":{"line":1252,"column":8},"end":{"line":1252,"column":78}},"619":{"start":{"line":1254,"column":8},"end":{"line":1254,"column":82}},"620":{"start":{"line":1255,"column":8},"end":{"line":1255,"column":84}},"621":{"start":{"line":1257,"column":8},"end":{"line":1257,"column":47}},"622":{"start":{"line":1257,"column":24},"end":{"line":1257,"column":47}},"623":{"start":{"line":1263,"column":0},"end":{"line":1309,"column":3}},"624":{"start":{"line":1265,"column":5},"end":{"line":1308,"column":6}},"625":{"start":{"line":1266,"column":27},"end":{"line":1266,"column":48}},"626":{"start":{"line":1267,"column":68},"end":{"line":1267,"column":76}},"627":{"start":{"line":1269,"column":8},"end":{"line":1271,"column":9}},"628":{"start":{"line":1270,"column":12},"end":{"line":1270,"column":99}},"629":{"start":{"line":1272,"column":25},"end":{"line":1272,"column":49}},"630":{"start":{"line":1273,"column":8},"end":{"line":1275,"column":9}},"631":{"start":{"line":1274,"column":12},"end":{"line":1274,"column":92}},"632":{"start":{"line":1277,"column":27},"end":{"line":1277,"column":52}},"633":{"start":{"line":1278,"column":8},"end":{"line":1280,"column":9}},"634":{"start":{"line":1279,"column":13},"end":{"line":1279,"column":104}},"635":{"start":{"line":1282,"column":8},"end":{"line":1284,"column":9}},"636":{"start":{"line":1283,"column":13},"end":{"line":1283,"column":106}},"637":{"start":{"line":1286,"column":24},"end":{"line":1286,"column":58}},"638":{"start":{"line":1288,"column":8},"end":{"line":1288,"column":60}},"639":{"start":{"line":1290,"column":8},"end":{"line":1294,"column":10}},"640":{"start":{"line":1295,"column":9},"end":{"line":1295,"column":89}},"641":{"start":{"line":1298,"column":10},"end":{"line":1300,"column":11}},"642":{"start":{"line":1299,"column":15},"end":{"line":1299,"column":145}},"643":{"start":{"line":1301,"column":11},"end":{"line":1303,"column":11}},"644":{"start":{"line":1302,"column":15},"end":{"line":1302,"column":105}},"645":{"start":{"line":1304,"column":9},"end":{"line":1304,"column":89}},"646":{"start":{"line":1305,"column":9},"end":{"line":1305,"column":88}},"647":{"start":{"line":1307,"column":10},"end":{"line":1307,"column":49}},"648":{"start":{"line":1307,"column":26},"end":{"line":1307,"column":49}},"649":{"start":{"line":1312,"column":0},"end":{"line":1363,"column":3}},"650":{"start":{"line":1314,"column":4},"end":{"line":1362,"column":5}},"651":{"start":{"line":1315,"column":39},"end":{"line":1315,"column":49}},"652":{"start":{"line":1316,"column":68},"end":{"line":1316,"column":76}},"653":{"start":{"line":1319,"column":8},"end":{"line":1321,"column":9}},"654":{"start":{"line":1320,"column":12},"end":{"line":1320,"column":99}},"655":{"start":{"line":1322,"column":25},"end":{"line":1322,"column":49}},"656":{"start":{"line":1323,"column":8},"end":{"line":1325,"column":9}},"657":{"start":{"line":1324,"column":12},"end":{"line":1324,"column":92}},"658":{"start":{"line":1326,"column":27},"end":{"line":1326,"column":52}},"659":{"start":{"line":1327,"column":8},"end":{"line":1329,"column":9}},"660":{"start":{"line":1328,"column":13},"end":{"line":1328,"column":74}},"661":{"start":{"line":1330,"column":8},"end":{"line":1332,"column":9}},"662":{"start":{"line":1331,"column":13},"end":{"line":1331,"column":106}},"663":{"start":{"line":1335,"column":8},"end":{"line":1335,"column":60}},"664":{"start":{"line":1336,"column":25},"end":{"line":1345,"column":9}},"665":{"start":{"line":1347,"column":8},"end":{"line":1349,"column":9}},"666":{"start":{"line":1348,"column":12},"end":{"line":1348,"column":109}},"667":{"start":{"line":1351,"column":8},"end":{"line":1351,"column":79}},"668":{"start":{"line":1355,"column":9},"end":{"line":1357,"column":10}},"669":{"start":{"line":1356,"column":13},"end":{"line":1356,"column":143}},"670":{"start":{"line":1358,"column":8},"end":{"line":1358,"column":74}},"671":{"start":{"line":1359,"column":8},"end":{"line":1359,"column":89}},"672":{"start":{"line":1361,"column":9},"end":{"line":1361,"column":48}},"673":{"start":{"line":1361,"column":25},"end":{"line":1361,"column":48}},"674":{"start":{"line":1366,"column":0},"end":{"line":1391,"column":3}},"675":{"start":{"line":1368,"column":4},"end":{"line":1390,"column":5}},"676":{"start":{"line":1369,"column":39},"end":{"line":1369,"column":49}},"677":{"start":{"line":1371,"column":8},"end":{"line":1371,"column":60}},"678":{"start":{"line":1373,"column":25},"end":{"line":1376,"column":9}},"679":{"start":{"line":1378,"column":8},"end":{"line":1380,"column":9}},"680":{"start":{"line":1379,"column":12},"end":{"line":1379,"column":109}},"681":{"start":{"line":1382,"column":8},"end":{"line":1382,"column":79}},"682":{"start":{"line":1386,"column":8},"end":{"line":1386,"column":74}},"683":{"start":{"line":1387,"column":8},"end":{"line":1387,"column":89}},"684":{"start":{"line":1389,"column":9},"end":{"line":1389,"column":48}},"685":{"start":{"line":1389,"column":25},"end":{"line":1389,"column":48}},"686":{"start":{"line":1394,"column":0},"end":{"line":1427,"column":3}},"687":{"start":{"line":1396,"column":4},"end":{"line":1426,"column":5}},"688":{"start":{"line":1397,"column":27},"end":{"line":1397,"column":48}},"689":{"start":{"line":1399,"column":8},"end":{"line":1399,"column":60}},"690":{"start":{"line":1400,"column":8},"end":{"line":1400,"column":44}},"691":{"start":{"line":1403,"column":8},"end":{"line":1403,"column":99}},"692":{"start":{"line":1406,"column":25},"end":{"line":1406,"column":110}},"693":{"start":{"line":1408,"column":8},"end":{"line":1411,"column":9}},"694":{"start":{"line":1409,"column":12},"end":{"line":1409,"column":40}},"695":{"start":{"line":1410,"column":12},"end":{"line":1410,"column":91}},"696":{"start":{"line":1413,"column":8},"end":{"line":1413,"column":34}},"697":{"start":{"line":1414,"column":8},"end":{"line":1414,"column":92}},"698":{"start":{"line":1417,"column":9},"end":{"line":1417,"column":53}},"699":{"start":{"line":1417,"column":25},"end":{"line":1417,"column":53}},"700":{"start":{"line":1419,"column":9},"end":{"line":1421,"column":10}},"701":{"start":{"line":1420,"column":14},"end":{"line":1420,"column":155}},"702":{"start":{"line":1422,"column":8},"end":{"line":1422,"column":82}},"703":{"start":{"line":1423,"column":8},"end":{"line":1423,"column":84}},"704":{"start":{"line":1425,"column":9},"end":{"line":1425,"column":92}},"705":{"start":{"line":1425,"column":69},"end":{"line":1425,"column":92}},"706":{"start":{"line":1439,"column":0},"end":{"line":1460,"column":3}},"707":{"start":{"line":1441,"column":2},"end":{"line":1459,"column":3}},"708":{"start":{"line":1442,"column":24},"end":{"line":1442,"column":34}},"709":{"start":{"line":1443,"column":4},"end":{"line":1443,"column":56}},"710":{"start":{"line":1445,"column":19},"end":{"line":1451,"column":5}},"711":{"start":{"line":1453,"column":4},"end":{"line":1453,"column":59}},"712":{"start":{"line":1455,"column":4},"end":{"line":1455,"column":63}},"713":{"start":{"line":1456,"column":4},"end":{"line":1456,"column":49}},"714":{"start":{"line":1458,"column":4},"end":{"line":1458,"column":43}},"715":{"start":{"line":1458,"column":20},"end":{"line":1458,"column":43}},"716":{"start":{"line":1463,"column":15},"end":{"line":1463,"column":43}},"717":{"start":{"line":1465,"column":0},"end":{"line":1486,"column":3}},"718":{"start":{"line":1466,"column":2},"end":{"line":1485,"column":3}},"719":{"start":{"line":1467,"column":21},"end":{"line":1467,"column":34}},"720":{"start":{"line":1468,"column":20},"end":{"line":1468,"column":53}},"721":{"start":{"line":1471,"column":25},"end":{"line":1471,"column":62}},"722":{"start":{"line":1472,"column":24},"end":{"line":1472,"column":63}},"723":{"start":{"line":1474,"column":22},"end":{"line":1478,"column":5}},"724":{"start":{"line":1480,"column":4},"end":{"line":1480,"column":28}},"725":{"start":{"line":1481,"column":4},"end":{"line":1481,"column":72}},"726":{"start":{"line":1483,"column":4},"end":{"line":1483,"column":55}},"727":{"start":{"line":1484,"column":4},"end":{"line":1484,"column":66}},"728":{"start":{"line":1489,"column":0},"end":{"line":1508,"column":3}},"729":{"start":{"line":1491,"column":2},"end":{"line":1507,"column":3}},"730":{"start":{"line":1492,"column":4},"end":{"line":1492,"column":56}},"731":{"start":{"line":1494,"column":19},"end":{"line":1499,"column":5}},"732":{"start":{"line":1501,"column":4},"end":{"line":1501,"column":41}},"733":{"start":{"line":1503,"column":4},"end":{"line":1503,"column":61}},"734":{"start":{"line":1504,"column":4},"end":{"line":1504,"column":88}},"735":{"start":{"line":1506,"column":4},"end":{"line":1506,"column":43}},"736":{"start":{"line":1506,"column":20},"end":{"line":1506,"column":43}},"737":{"start":{"line":1511,"column":0},"end":{"line":1533,"column":3}},"738":{"start":{"line":1513,"column":2},"end":{"line":1532,"column":3}},"739":{"start":{"line":1514,"column":4},"end":{"line":1514,"column":56}},"740":{"start":{"line":1516,"column":19},"end":{"line":1524,"column":6}},"741":{"start":{"line":1526,"column":4},"end":{"line":1526,"column":32}},"742":{"start":{"line":1528,"column":4},"end":{"line":1528,"column":61}},"743":{"start":{"line":1529,"column":4},"end":{"line":1529,"column":79}},"744":{"start":{"line":1531,"column":4},"end":{"line":1531,"column":43}},"745":{"start":{"line":1531,"column":20},"end":{"line":1531,"column":43}},"746":{"start":{"line":1536,"column":0},"end":{"line":1559,"column":3}},"747":{"start":{"line":1538,"column":2},"end":{"line":1558,"column":3}},"748":{"start":{"line":1539,"column":4},"end":{"line":1539,"column":56}},"749":{"start":{"line":1541,"column":19},"end":{"line":1550,"column":6}},"750":{"start":{"line":1552,"column":4},"end":{"line":1552,"column":38}},"751":{"start":{"line":1554,"column":4},"end":{"line":1554,"column":58}},"752":{"start":{"line":1555,"column":4},"end":{"line":1555,"column":85}},"753":{"start":{"line":1557,"column":4},"end":{"line":1557,"column":43}},"754":{"start":{"line":1557,"column":20},"end":{"line":1557,"column":43}},"755":{"start":{"line":1565,"column":24},"end":{"line":1565,"column":48}},"756":{"start":{"line":1569,"column":0},"end":{"line":1576,"column":1}},"757":{"start":{"line":1570,"column":2},"end":{"line":1572,"column":5}},"758":{"start":{"line":1571,"column":4},"end":{"line":1571,"column":61}},"759":{"start":{"line":1575,"column":2},"end":{"line":1575,"column":15}},"760":{"start":{"line":1579,"column":0},"end":{"line":1579,"column":39}}},"fnMap":{"0":{"name":"(anonymous_0)","decl":{"start":{"line":31,"column":22},"end":{"line":31,"column":23}},"loc":{"start":{"line":31,"column":95},"end":{"line":46,"column":1}},"line":31},"1":{"name":"(anonymous_1)","decl":{"start":{"line":52,"column":45},"end":{"line":52,"column":46}},"loc":{"start":{"line":52,"column":57},"end":{"line":144,"column":1}},"line":52},"2":{"name":"(anonymous_2)","decl":{"start":{"line":149,"column":18},"end":{"line":149,"column":19}},"loc":{"start":{"line":149,"column":38},"end":{"line":170,"column":1}},"line":149},"3":{"name":"(anonymous_3)","decl":{"start":{"line":173,"column":19},"end":{"line":173,"column":20}},"loc":{"start":{"line":173,"column":39},"end":{"line":179,"column":1}},"line":173},"4":{"name":"executeWorkflowStep","decl":{"start":{"line":184,"column":15},"end":{"line":184,"column":34}},"loc":{"start":{"line":184,"column":44},"end":{"line":398,"column":1}},"line":184},"5":{"name":"(anonymous_5)","decl":{"start":{"line":304,"column":27},"end":{"line":304,"column":28}},"loc":{"start":{"line":304,"column":39},"end":{"line":326,"column":17}},"line":304},"6":{"name":"(anonymous_6)","decl":{"start":{"line":318,"column":42},"end":{"line":318,"column":43}},"loc":{"start":{"line":318,"column":48},"end":{"line":318,"column":76}},"line":318},"7":{"name":"(anonymous_7)","decl":{"start":{"line":364,"column":29},"end":{"line":364,"column":30}},"loc":{"start":{"line":364,"column":35},"end":{"line":364,"column":63}},"line":364},"8":{"name":"(anonymous_8)","decl":{"start":{"line":404,"column":23},"end":{"line":404,"column":24}},"loc":{"start":{"line":404,"column":43},"end":{"line":458,"column":1}},"line":404},"9":{"name":"(anonymous_9)","decl":{"start":{"line":461,"column":26},"end":{"line":461,"column":27}},"loc":{"start":{"line":461,"column":46},"end":{"line":498,"column":1}},"line":461},"10":{"name":"(anonymous_10)","decl":{"start":{"line":501,"column":23},"end":{"line":501,"column":24}},"loc":{"start":{"line":501,"column":43},"end":{"line":547,"column":1}},"line":501},"11":{"name":"(anonymous_11)","decl":{"start":{"line":550,"column":29},"end":{"line":550,"column":30}},"loc":{"start":{"line":550,"column":49},"end":{"line":596,"column":1}},"line":550},"12":{"name":"(anonymous_12)","decl":{"start":{"line":602,"column":37},"end":{"line":602,"column":38}},"loc":{"start":{"line":602,"column":57},"end":{"line":621,"column":1}},"line":602},"13":{"name":"(anonymous_13)","decl":{"start":{"line":626,"column":38},"end":{"line":626,"column":39}},"loc":{"start":{"line":626,"column":58},"end":{"line":682,"column":1}},"line":626},"14":{"name":"(anonymous_14)","decl":{"start":{"line":672,"column":26},"end":{"line":672,"column":27}},"loc":{"start":{"line":672,"column":32},"end":{"line":672,"column":61}},"line":672},"15":{"name":"(anonymous_15)","decl":{"start":{"line":685,"column":44},"end":{"line":685,"column":45}},"loc":{"start":{"line":685,"column":64},"end":{"line":710,"column":1}},"line":685},"16":{"name":"(anonymous_16)","decl":{"start":{"line":713,"column":39},"end":{"line":713,"column":40}},"loc":{"start":{"line":713,"column":59},"end":{"line":736,"column":1}},"line":713},"17":{"name":"(anonymous_17)","decl":{"start":{"line":740,"column":61},"end":{"line":740,"column":62}},"loc":{"start":{"line":740,"column":81},"end":{"line":806,"column":1}},"line":740},"18":{"name":"(anonymous_18)","decl":{"start":{"line":812,"column":60},"end":{"line":812,"column":61}},"loc":{"start":{"line":812,"column":80},"end":{"line":831,"column":1}},"line":812},"19":{"name":"(anonymous_19)","decl":{"start":{"line":834,"column":63},"end":{"line":834,"column":64}},"loc":{"start":{"line":834,"column":83},"end":{"line":914,"column":1}},"line":834},"20":{"name":"(anonymous_20)","decl":{"start":{"line":902,"column":26},"end":{"line":902,"column":27}},"loc":{"start":{"line":902,"column":32},"end":{"line":902,"column":60}},"line":902},"21":{"name":"(anonymous_21)","decl":{"start":{"line":917,"column":62},"end":{"line":917,"column":63}},"loc":{"start":{"line":917,"column":82},"end":{"line":943,"column":1}},"line":917},"22":{"name":"(anonymous_22)","decl":{"start":{"line":946,"column":74},"end":{"line":946,"column":75}},"loc":{"start":{"line":946,"column":94},"end":{"line":1029,"column":1}},"line":946},"23":{"name":"(anonymous_23)","decl":{"start":{"line":1035,"column":55},"end":{"line":1035,"column":56}},"loc":{"start":{"line":1035,"column":75},"end":{"line":1047,"column":1}},"line":1035},"24":{"name":"(anonymous_24)","decl":{"start":{"line":1050,"column":67},"end":{"line":1050,"column":68}},"loc":{"start":{"line":1050,"column":87},"end":{"line":1087,"column":1}},"line":1050},"25":{"name":"(anonymous_25)","decl":{"start":{"line":1067,"column":43},"end":{"line":1067,"column":44}},"loc":{"start":{"line":1067,"column":51},"end":{"line":1079,"column":9}},"line":1067},"26":{"name":"(anonymous_26)","decl":{"start":{"line":1090,"column":78},"end":{"line":1090,"column":79}},"loc":{"start":{"line":1090,"column":98},"end":{"line":1137,"column":1}},"line":1090},"27":{"name":"(anonymous_27)","decl":{"start":{"line":1140,"column":78},"end":{"line":1140,"column":79}},"loc":{"start":{"line":1140,"column":98},"end":{"line":1171,"column":1}},"line":1140},"28":{"name":"(anonymous_28)","decl":{"start":{"line":1174,"column":73},"end":{"line":1174,"column":74}},"loc":{"start":{"line":1174,"column":93},"end":{"line":1202,"column":1}},"line":1174},"29":{"name":"(anonymous_29)","decl":{"start":{"line":1183,"column":38},"end":{"line":1183,"column":39}},"loc":{"start":{"line":1183,"column":46},"end":{"line":1194,"column":9}},"line":1183},"30":{"name":"(anonymous_30)","decl":{"start":{"line":1205,"column":56},"end":{"line":1205,"column":57}},"loc":{"start":{"line":1205,"column":76},"end":{"line":1232,"column":1}},"line":1205},"31":{"name":"(anonymous_31)","decl":{"start":{"line":1235,"column":67},"end":{"line":1235,"column":68}},"loc":{"start":{"line":1235,"column":87},"end":{"line":1259,"column":1}},"line":1235},"32":{"name":"(anonymous_32)","decl":{"start":{"line":1263,"column":74},"end":{"line":1263,"column":75}},"loc":{"start":{"line":1263,"column":94},"end":{"line":1309,"column":1}},"line":1263},"33":{"name":"(anonymous_33)","decl":{"start":{"line":1312,"column":81},"end":{"line":1312,"column":82}},"loc":{"start":{"line":1312,"column":101},"end":{"line":1363,"column":1}},"line":1312},"34":{"name":"(anonymous_34)","decl":{"start":{"line":1366,"column":84},"end":{"line":1366,"column":85}},"loc":{"start":{"line":1366,"column":104},"end":{"line":1391,"column":1}},"line":1366},"35":{"name":"(anonymous_35)","decl":{"start":{"line":1394,"column":70},"end":{"line":1394,"column":71}},"loc":{"start":{"line":1394,"column":90},"end":{"line":1427,"column":1}},"line":1394},"36":{"name":"(anonymous_36)","decl":{"start":{"line":1439,"column":44},"end":{"line":1439,"column":45}},"loc":{"start":{"line":1439,"column":64},"end":{"line":1460,"column":1}},"line":1439},"37":{"name":"(anonymous_37)","decl":{"start":{"line":1465,"column":62},"end":{"line":1465,"column":63}},"loc":{"start":{"line":1465,"column":82},"end":{"line":1486,"column":1}},"line":1465},"38":{"name":"(anonymous_38)","decl":{"start":{"line":1489,"column":32},"end":{"line":1489,"column":33}},"loc":{"start":{"line":1489,"column":52},"end":{"line":1508,"column":1}},"line":1489},"39":{"name":"(anonymous_39)","decl":{"start":{"line":1511,"column":34},"end":{"line":1511,"column":35}},"loc":{"start":{"line":1511,"column":54},"end":{"line":1533,"column":1}},"line":1511},"40":{"name":"(anonymous_40)","decl":{"start":{"line":1536,"column":38},"end":{"line":1536,"column":39}},"loc":{"start":{"line":1536,"column":58},"end":{"line":1559,"column":1}},"line":1536},"41":{"name":"(anonymous_41)","decl":{"start":{"line":1570,"column":39},"end":{"line":1570,"column":40}},"loc":{"start":{"line":1570,"column":45},"end":{"line":1572,"column":3}},"line":1570}},"branchMap":{"0":{"loc":{"start":{"line":13,"column":19},"end":{"line":13,"column":74}},"type":"binary-expr","locations":[{"start":{"line":13,"column":19},"end":{"line":13,"column":41}},{"start":{"line":13,"column":45},"end":{"line":13,"column":74}}],"line":13},"1":{"loc":{"start":{"line":31,"column":59},"end":{"line":31,"column":74}},"type":"default-arg","locations":[{"start":{"line":31,"column":70},"end":{"line":31,"column":74}}],"line":31},"2":{"loc":{"start":{"line":31,"column":76},"end":{"line":31,"column":90}},"type":"default-arg","locations":[{"start":{"line":31,"column":86},"end":{"line":31,"column":90}}],"line":31},"3":{"loc":{"start":{"line":38,"column":53},"end":{"line":38,"column":93}},"type":"cond-expr","locations":[{"start":{"line":38,"column":63},"end":{"line":38,"column":86}},{"start":{"line":38,"column":89},"end":{"line":38,"column":93}}],"line":38},"4":{"loc":{"start":{"line":40,"column":86},"end":{"line":40,"column":119}},"type":"cond-expr","locations":[{"start":{"line":40,"column":97},"end":{"line":40,"column":114}},{"start":{"line":40,"column":117},"end":{"line":40,"column":119}}],"line":40},"5":{"loc":{"start":{"line":44,"column":8},"end":{"line":44,"column":47}},"type":"if","locations":[{"start":{"line":44,"column":8},"end":{"line":44,"column":47}},{"start":{},"end":{}}],"line":44},"6":{"loc":{"start":{"line":60,"column":22},"end":{"line":60,"column":50}},"type":"binary-expr","locations":[{"start":{"line":60,"column":22},"end":{"line":60,"column":45}},{"start":{"line":60,"column":48},"end":{"line":60,"column":50}}],"line":60},"7":{"loc":{"start":{"line":73,"column":8},"end":{"line":76,"column":9}},"type":"if","locations":[{"start":{"line":73,"column":8},"end":{"line":76,"column":9}},{"start":{},"end":{}}],"line":73},"8":{"loc":{"start":{"line":87,"column":16},"end":{"line":92,"column":17}},"type":"if","locations":[{"start":{"line":87,"column":16},"end":{"line":92,"column":17}},{"start":{},"end":{}}],"line":87},"9":{"loc":{"start":{"line":87,"column":20},"end":{"line":88,"column":71}},"type":"binary-expr","locations":[{"start":{"line":87,"column":20},"end":{"line":87,"column":72}},{"start":{"line":88,"column":20},"end":{"line":88,"column":71}}],"line":87},"10":{"loc":{"start":{"line":94,"column":16},"end":{"line":99,"column":17}},"type":"if","locations":[{"start":{"line":94,"column":16},"end":{"line":99,"column":17}},{"start":{},"end":{}}],"line":94},"11":{"loc":{"start":{"line":94,"column":20},"end":{"line":95,"column":71}},"type":"binary-expr","locations":[{"start":{"line":94,"column":20},"end":{"line":94,"column":70}},{"start":{"line":95,"column":20},"end":{"line":95,"column":71}}],"line":94},"12":{"loc":{"start":{"line":98,"column":34},"end":{"line":98,"column":62}},"type":"cond-expr","locations":[{"start":{"line":98,"column":48},"end":{"line":98,"column":54}},{"start":{"line":98,"column":57},"end":{"line":98,"column":62}}],"line":98},"13":{"loc":{"start":{"line":101,"column":16},"end":{"line":115,"column":17}},"type":"if","locations":[{"start":{"line":101,"column":16},"end":{"line":115,"column":17}},{"start":{"line":108,"column":23},"end":{"line":115,"column":17}}],"line":101},"14":{"loc":{"start":{"line":136,"column":8},"end":{"line":142,"column":9}},"type":"if","locations":[{"start":{"line":136,"column":8},"end":{"line":142,"column":9}},{"start":{},"end":{}}],"line":136},"15":{"loc":{"start":{"line":151,"column":8},"end":{"line":153,"column":9}},"type":"if","locations":[{"start":{"line":151,"column":8},"end":{"line":153,"column":9}},{"start":{},"end":{}}],"line":151},"16":{"loc":{"start":{"line":151,"column":12},"end":{"line":151,"column":90}},"type":"binary-expr","locations":[{"start":{"line":151,"column":12},"end":{"line":151,"column":38}},{"start":{"line":151,"column":42},"end":{"line":151,"column":90}}],"line":151},"17":{"loc":{"start":{"line":161,"column":8},"end":{"line":168,"column":9}},"type":"if","locations":[{"start":{"line":161,"column":8},"end":{"line":168,"column":9}},{"start":{"line":163,"column":15},"end":{"line":168,"column":9}}],"line":161},"18":{"loc":{"start":{"line":161,"column":12},"end":{"line":161,"column":119}},"type":"binary-expr","locations":[{"start":{"line":161,"column":12},"end":{"line":161,"column":46}},{"start":{"line":161,"column":50},"end":{"line":161,"column":78}},{"start":{"line":161,"column":82},"end":{"line":161,"column":119}}],"line":161},"19":{"loc":{"start":{"line":163,"column":15},"end":{"line":168,"column":9}},"type":"if","locations":[{"start":{"line":163,"column":15},"end":{"line":168,"column":9}},{"start":{"line":166,"column":13},"end":{"line":168,"column":9}}],"line":163},"20":{"loc":{"start":{"line":175,"column":4},"end":{"line":177,"column":5}},"type":"if","locations":[{"start":{"line":175,"column":4},"end":{"line":177,"column":5}},{"start":{},"end":{}}],"line":175},"21":{"loc":{"start":{"line":175,"column":8},"end":{"line":175,"column":38}},"type":"binary-expr","locations":[{"start":{"line":175,"column":8},"end":{"line":175,"column":17}},{"start":{"line":175,"column":21},"end":{"line":175,"column":38}}],"line":175},"22":{"loc":{"start":{"line":196,"column":8},"end":{"line":200,"column":9}},"type":"if","locations":[{"start":{"line":196,"column":8},"end":{"line":200,"column":9}},{"start":{},"end":{}}],"line":196},"23":{"loc":{"start":{"line":205,"column":8},"end":{"line":209,"column":9}},"type":"if","locations":[{"start":{"line":205,"column":8},"end":{"line":209,"column":9}},{"start":{},"end":{}}],"line":205},"24":{"loc":{"start":{"line":205,"column":12},"end":{"line":205,"column":58}},"type":"binary-expr","locations":[{"start":{"line":205,"column":12},"end":{"line":205,"column":30}},{"start":{"line":205,"column":34},"end":{"line":205,"column":58}}],"line":205},"25":{"loc":{"start":{"line":217,"column":8},"end":{"line":222,"column":9}},"type":"if","locations":[{"start":{"line":217,"column":8},"end":{"line":222,"column":9}},{"start":{},"end":{}}],"line":217},"26":{"loc":{"start":{"line":227,"column":25},"end":{"line":229,"column":62}},"type":"cond-expr","locations":[{"start":{"line":228,"column":29},"end":{"line":228,"column":74}},{"start":{"line":229,"column":30},"end":{"line":229,"column":61}}],"line":227},"27":{"loc":{"start":{"line":228,"column":40},"end":{"line":228,"column":73}},"type":"binary-expr","locations":[{"start":{"line":228,"column":40},"end":{"line":228,"column":65}},{"start":{"line":228,"column":69},"end":{"line":228,"column":73}}],"line":228},"28":{"loc":{"start":{"line":229,"column":30},"end":{"line":229,"column":61}},"type":"binary-expr","locations":[{"start":{"line":229,"column":30},"end":{"line":229,"column":55}},{"start":{"line":229,"column":59},"end":{"line":229,"column":61}}],"line":229},"29":{"loc":{"start":{"line":248,"column":8},"end":{"line":252,"column":9}},"type":"if","locations":[{"start":{"line":248,"column":8},"end":{"line":252,"column":9}},{"start":{"line":250,"column":15},"end":{"line":252,"column":9}}],"line":248},"30":{"loc":{"start":{"line":248,"column":12},"end":{"line":248,"column":73}},"type":"binary-expr","locations":[{"start":{"line":248,"column":12},"end":{"line":248,"column":35}},{"start":{"line":248,"column":39},"end":{"line":248,"column":73}}],"line":248},"31":{"loc":{"start":{"line":255,"column":8},"end":{"line":352,"column":9}},"type":"switch","locations":[{"start":{"line":256,"column":12},"end":{"line":292,"column":22}},{"start":{"line":294,"column":12},"end":{"line":298,"column":22}},{"start":{"line":300,"column":12},"end":{"line":330,"column":22}},{"start":{"line":332,"column":12},"end":{"line":344,"column":22}},{"start":{"line":346,"column":12},"end":{"line":351,"column":127}}],"line":255},"32":{"loc":{"start":{"line":257,"column":59},"end":{"line":257,"column":91}},"type":"binary-expr","locations":[{"start":{"line":257,"column":59},"end":{"line":257,"column":78}},{"start":{"line":257,"column":82},"end":{"line":257,"column":91}}],"line":257},"33":{"loc":{"start":{"line":259,"column":16},"end":{"line":290,"column":17}},"type":"if","locations":[{"start":{"line":259,"column":16},"end":{"line":290,"column":17}},{"start":{"line":268,"column":23},"end":{"line":290,"column":17}}],"line":259},"34":{"loc":{"start":{"line":260,"column":20},"end":{"line":267,"column":21}},"type":"if","locations":[{"start":{"line":260,"column":20},"end":{"line":267,"column":21}},{"start":{"line":264,"column":27},"end":{"line":267,"column":21}}],"line":260},"35":{"loc":{"start":{"line":261,"column":24},"end":{"line":261,"column":127}},"type":"if","locations":[{"start":{"line":261,"column":24},"end":{"line":261,"column":127}},{"start":{},"end":{}}],"line":261},"36":{"loc":{"start":{"line":268,"column":23},"end":{"line":290,"column":17}},"type":"if","locations":[{"start":{"line":268,"column":23},"end":{"line":290,"column":17}},{"start":{"line":271,"column":23},"end":{"line":290,"column":17}}],"line":268},"37":{"loc":{"start":{"line":271,"column":23},"end":{"line":290,"column":17}},"type":"if","locations":[{"start":{"line":271,"column":23},"end":{"line":290,"column":17}},{"start":{"line":281,"column":23},"end":{"line":290,"column":17}}],"line":271},"38":{"loc":{"start":{"line":272,"column":20},"end":{"line":272,"column":122}},"type":"if","locations":[{"start":{"line":272,"column":20},"end":{"line":272,"column":122}},{"start":{},"end":{}}],"line":272},"39":{"loc":{"start":{"line":274,"column":20},"end":{"line":280,"column":21}},"type":"if","locations":[{"start":{"line":274,"column":20},"end":{"line":280,"column":21}},{"start":{"line":278,"column":27},"end":{"line":280,"column":21}}],"line":274},"40":{"loc":{"start":{"line":281,"column":23},"end":{"line":290,"column":17}},"type":"if","locations":[{"start":{"line":281,"column":23},"end":{"line":290,"column":17}},{"start":{"line":287,"column":21},"end":{"line":290,"column":17}}],"line":281},"41":{"loc":{"start":{"line":282,"column":21},"end":{"line":282,"column":123}},"type":"if","locations":[{"start":{"line":282,"column":21},"end":{"line":282,"column":123}},{"start":{},"end":{}}],"line":282},"42":{"loc":{"start":{"line":291,"column":16},"end":{"line":291,"column":61}},"type":"if","locations":[{"start":{"line":291,"column":16},"end":{"line":291,"column":61}},{"start":{},"end":{}}],"line":291},"43":{"loc":{"start":{"line":295,"column":80},"end":{"line":295,"column":143}},"type":"binary-expr","locations":[{"start":{"line":295,"column":80},"end":{"line":295,"column":94}},{"start":{"line":295,"column":98},"end":{"line":295,"column":121}},{"start":{"line":295,"column":125},"end":{"line":295,"column":143}}],"line":295},"44":{"loc":{"start":{"line":301,"column":37},"end":{"line":301,"column":69}},"type":"binary-expr","locations":[{"start":{"line":301,"column":37},"end":{"line":301,"column":63}},{"start":{"line":301,"column":67},"end":{"line":301,"column":69}}],"line":301},"45":{"loc":{"start":{"line":316,"column":24},"end":{"line":321,"column":25}},"type":"if","locations":[{"start":{"line":316,"column":24},"end":{"line":321,"column":25}},{"start":{"line":319,"column":31},"end":{"line":321,"column":25}}],"line":316},"46":{"loc":{"start":{"line":324,"column":25},"end":{"line":324,"column":74}},"type":"if","locations":[{"start":{"line":324,"column":25},"end":{"line":324,"column":74}},{"start":{},"end":{}}],"line":324},"47":{"loc":{"start":{"line":335,"column":16},"end":{"line":342,"column":17}},"type":"if","locations":[{"start":{"line":335,"column":16},"end":{"line":342,"column":17}},{"start":{"line":339,"column":23},"end":{"line":342,"column":17}}],"line":335},"48":{"loc":{"start":{"line":336,"column":21},"end":{"line":336,"column":115}},"type":"if","locations":[{"start":{"line":336,"column":21},"end":{"line":336,"column":115}},{"start":{},"end":{}}],"line":336},"49":{"loc":{"start":{"line":355,"column":8},"end":{"line":377,"column":9}},"type":"if","locations":[{"start":{"line":355,"column":8},"end":{"line":377,"column":9}},{"start":{"line":368,"column":15},"end":{"line":377,"column":9}}],"line":355},"50":{"loc":{"start":{"line":355,"column":12},"end":{"line":355,"column":47}},"type":"binary-expr","locations":[{"start":{"line":355,"column":12},"end":{"line":355,"column":25}},{"start":{"line":355,"column":29},"end":{"line":355,"column":47}}],"line":355},"51":{"loc":{"start":{"line":363,"column":12},"end":{"line":367,"column":13}},"type":"if","locations":[{"start":{"line":363,"column":12},"end":{"line":367,"column":13}},{"start":{"line":365,"column":19},"end":{"line":367,"column":13}}],"line":363},"52":{"loc":{"start":{"line":368,"column":15},"end":{"line":377,"column":9}},"type":"if","locations":[{"start":{"line":368,"column":15},"end":{"line":377,"column":9}},{"start":{"line":371,"column":15},"end":{"line":377,"column":9}}],"line":368},"53":{"loc":{"start":{"line":368,"column":19},"end":{"line":368,"column":62}},"type":"binary-expr","locations":[{"start":{"line":368,"column":19},"end":{"line":368,"column":36}},{"start":{"line":368,"column":40},"end":{"line":368,"column":62}}],"line":368},"54":{"loc":{"start":{"line":371,"column":15},"end":{"line":377,"column":9}},"type":"if","locations":[{"start":{"line":371,"column":15},"end":{"line":377,"column":9}},{"start":{"line":374,"column":15},"end":{"line":377,"column":9}}],"line":371},"55":{"loc":{"start":{"line":381,"column":8},"end":{"line":383,"column":9}},"type":"if","locations":[{"start":{"line":381,"column":8},"end":{"line":383,"column":9}},{"start":{},"end":{}}],"line":381},"56":{"loc":{"start":{"line":394,"column":8},"end":{"line":396,"column":9}},"type":"if","locations":[{"start":{"line":394,"column":8},"end":{"line":396,"column":9}},{"start":{},"end":{}}],"line":394},"57":{"loc":{"start":{"line":394,"column":12},"end":{"line":394,"column":66}},"type":"binary-expr","locations":[{"start":{"line":394,"column":12},"end":{"line":394,"column":22}},{"start":{"line":394,"column":26},"end":{"line":394,"column":66}}],"line":394},"58":{"loc":{"start":{"line":408,"column":8},"end":{"line":410,"column":9}},"type":"if","locations":[{"start":{"line":408,"column":8},"end":{"line":410,"column":9}},{"start":{},"end":{}}],"line":408},"59":{"loc":{"start":{"line":408,"column":12},"end":{"line":408,"column":38}},"type":"binary-expr","locations":[{"start":{"line":408,"column":12},"end":{"line":408,"column":24}},{"start":{"line":408,"column":28},"end":{"line":408,"column":38}}],"line":408},"60":{"loc":{"start":{"line":420,"column":8},"end":{"line":422,"column":9}},"type":"if","locations":[{"start":{"line":420,"column":8},"end":{"line":422,"column":9}},{"start":{},"end":{}}],"line":420},"61":{"loc":{"start":{"line":425,"column":8},"end":{"line":427,"column":9}},"type":"if","locations":[{"start":{"line":425,"column":8},"end":{"line":427,"column":9}},{"start":{},"end":{}}],"line":425},"62":{"loc":{"start":{"line":425,"column":12},"end":{"line":425,"column":40}},"type":"binary-expr","locations":[{"start":{"line":425,"column":12},"end":{"line":425,"column":16}},{"start":{"line":425,"column":20},"end":{"line":425,"column":40}}],"line":425},"63":{"loc":{"start":{"line":429,"column":8},"end":{"line":429,"column":104}},"type":"if","locations":[{"start":{"line":429,"column":8},"end":{"line":429,"column":104}},{"start":{},"end":{}}],"line":429},"64":{"loc":{"start":{"line":433,"column":8},"end":{"line":433,"column":104}},"type":"if","locations":[{"start":{"line":433,"column":8},"end":{"line":433,"column":104}},{"start":{},"end":{}}],"line":433},"65":{"loc":{"start":{"line":437,"column":8},"end":{"line":439,"column":9}},"type":"if","locations":[{"start":{"line":437,"column":8},"end":{"line":439,"column":9}},{"start":{},"end":{}}],"line":437},"66":{"loc":{"start":{"line":437,"column":12},"end":{"line":437,"column":71}},"type":"binary-expr","locations":[{"start":{"line":437,"column":12},"end":{"line":437,"column":17}},{"start":{"line":437,"column":22},"end":{"line":437,"column":29}},{"start":{"line":437,"column":33},"end":{"line":437,"column":70}}],"line":437},"67":{"loc":{"start":{"line":445,"column":8},"end":{"line":448,"column":9}},"type":"if","locations":[{"start":{"line":445,"column":8},"end":{"line":448,"column":9}},{"start":{},"end":{}}],"line":445},"68":{"loc":{"start":{"line":445,"column":12},"end":{"line":445,"column":47}},"type":"binary-expr","locations":[{"start":{"line":445,"column":12},"end":{"line":445,"column":20}},{"start":{"line":445,"column":24},"end":{"line":445,"column":47}}],"line":445},"69":{"loc":{"start":{"line":456,"column":8},"end":{"line":456,"column":47}},"type":"if","locations":[{"start":{"line":456,"column":8},"end":{"line":456,"column":47}},{"start":{},"end":{}}],"line":456},"70":{"loc":{"start":{"line":465,"column":8},"end":{"line":467,"column":9}},"type":"if","locations":[{"start":{"line":465,"column":8},"end":{"line":467,"column":9}},{"start":{},"end":{}}],"line":465},"71":{"loc":{"start":{"line":465,"column":12},"end":{"line":465,"column":40}},"type":"binary-expr","locations":[{"start":{"line":465,"column":12},"end":{"line":465,"column":17}},{"start":{"line":465,"column":21},"end":{"line":465,"column":27}},{"start":{"line":465,"column":31},"end":{"line":465,"column":40}}],"line":465},"72":{"loc"
[...]
":9}},"type":"if","locations":[{"start":{"line":1213,"column":9},"end":{"line":1215,"column":9}},{"start":{},"end":{}}],"line":1213},"152":{"loc":{"start":{"line":1220,"column":32},"end":{"line":1220,"column":51}},"type":"binary-expr","locations":[{"start":{"line":1220,"column":32},"end":{"line":1220,"column":43}},{"start":{"line":1220,"column":47},"end":{"line":1220,"column":51}}],"line":1220},"153":{"loc":{"start":{"line":1224,"column":8},"end":{"line":1226,"column":9}},"type":"if","locations":[{"start":{"line":1224,"column":8},"end":{"line":1226,"column":9}},{"start":{},"end":{}}],"line":1224},"154":{"loc":{"start":{"line":1230,"column":8},"end":{"line":1230,"column":47}},"type":"if","locations":[{"start":{"line":1230,"column":8},"end":{"line":1230,"column":47}},{"start":{},"end":{}}],"line":1230},"155":{"loc":{"start":{"line":1240,"column":8},"end":{"line":1242,"column":9}},"type":"if","locations":[{"start":{"line":1240,"column":8},"end":{"line":1242,"column":9}},{"start":{},"end":{}}],"line":1240},"156":{"loc":{"start":{"line":1247,"column":19},"end":{"line":1247,"column":38}},"type":"binary-expr","locations":[{"start":{"line":1247,"column":19},"end":{"line":1247,"column":30}},{"start":{"line":1247,"column":34},"end":{"line":1247,"column":38}}],"line":1247},"157":{"loc":{"start":{"line":1249,"column":8},"end":{"line":1251,"column":9}},"type":"if","locations":[{"start":{"line":1249,"column":8},"end":{"line":1251,"column":9}},{"start":{},"end":{}}],"line":1249},"158":{"loc":{"start":{"line":1257,"column":8},"end":{"line":1257,"column":47}},"type":"if","locations":[{"start":{"line":1257,"column":8},"end":{"line":1257,"column":47}},{"start":{},"end":{}}],"line":1257},"159":{"loc":{"start":{"line":1269,"column":8},"end":{"line":1271,"column":9}},"type":"if","locations":[{"start":{"line":1269,"column":8},"end":{"line":1271,"column":9}},{"start":{},"end":{}}],"line":1269},"160":{"loc":{"start":{"line":1269,"column":12},"end":{"line":1269,"column":58}},"type":"binary-expr","locations":[{"start":{"line":1269,"column":12},"end":{"line":1269,"column":30}},{"start":{"line":1269,"column":34},"end":{"line":1269,"column":44}},{"start":{"line":1269,"column":48},"end":{"line":1269,"column":58}}],"line":1269},"161":{"loc":{"start":{"line":1273,"column":8},"end":{"line":1275,"column":9}},"type":"if","locations":[{"start":{"line":1273,"column":8},"end":{"line":1275,"column":9}},{"start":{},"end":{}}],"line":1273},"162":{"loc":{"start":{"line":1273,"column":12},"end":{"line":1273,"column":44}},"type":"binary-expr","locations":[{"start":{"line":1273,"column":12},"end":{"line":1273,"column":27}},{"start":{"line":1273,"column":31},"end":{"line":1273,"column":44}}],"line":1273},"163":{"loc":{"start":{"line":1278,"column":8},"end":{"line":1280,"column":9}},"type":"if","locations":[{"start":{"line":1278,"column":8},"end":{"line":1280,"column":9}},{"start":{},"end":{}}],"line":1278},"164":{"loc":{"start":{"line":1282,"column":8},"end":{"line":1284,"column":9}},"type":"if","locations":[{"start":{"line":1282,"column":8},"end":{"line":1284,"column":9}},{"start":{},"end":{}}],"line":1282},"165":{"loc":{"start":{"line":1282,"column":12},"end":{"line":1282,"column":70}},"type":"binary-expr","locations":[{"start":{"line":1282,"column":12},"end":{"line":1282,"column":33}},{"start":{"line":1282,"column":37},"end":{"line":1282,"column":70}}],"line":1282},"166":{"loc":{"start":{"line":1293,"column":67},"end":{"line":1293,"column":119}},"type":"cond-expr","locations":[{"start":{"line":1293,"column":83},"end":{"line":1293,"column":112}},{"start":{"line":1293,"column":115},"end":{"line":1293,"column":119}}],"line":1293},"167":{"loc":{"start":{"line":1298,"column":10},"end":{"line":1300,"column":11}},"type":"if","locations":[{"start":{"line":1298,"column":10},"end":{"line":1300,"column":11}},{"start":{},"end":{}}],"line":1298},"168":{"loc":{"start":{"line":1298,"column":14},"end":{"line":1298,"column":98}},"type":"binary-expr","locations":[{"start":{"line":1298,"column":14},"end":{"line":1298,"column":43}},{"start":{"line":1298,"column":47},"end":{"line":1298,"column":98}}],"line":1298},"169":{"loc":{"start":{"line":1301,"column":11},"end":{"line":1303,"column":11}},"type":"if","locations":[{"start":{"line":1301,"column":11},"end":{"line":1303,"column":11}},{"start":{},"end":{}}],"line":1301},"170":{"loc":{"start":{"line":1301,"column":15},"end":{"line":1301,"column":108}},"type":"binary-expr","locations":[{"start":{"line":1301,"column":15},"end":{"line":1301,"column":54}},{"start":{"line":1301,"column":58},"end":{"line":1301,"column":108}}],"line":1301},"171":{"loc":{"start":{"line":1307,"column":10},"end":{"line":1307,"column":49}},"type":"if","locations":[{"start":{"line":1307,"column":10},"end":{"line":1307,"column":49}},{"start":{},"end":{}}],"line":1307},"172":{"loc":{"start":{"line":1319,"column":8},"end":{"line":1321,"column":9}},"type":"if","locations":[{"start":{"line":1319,"column":8},"end":{"line":1321,"column":9}},{"start":{},"end":{}}],"line":1319},"173":{"loc":{"start":{"line":1319,"column":12},"end":{"line":1319,"column":58}},"type":"binary-expr","locations":[{"start":{"line":1319,"column":12},"end":{"line":1319,"column":30}},{"start":{"line":1319,"column":34},"end":{"line":1319,"column":44}},{"start":{"line":1319,"column":48},"end":{"line":1319,"column":58}}],"line":1319},"174":{"loc":{"start":{"line":1323,"column":8},"end":{"line":1325,"column":9}},"type":"if","locations":[{"start":{"line":1323,"column":8},"end":{"line":1325,"column":9}},{"start":{},"end":{}}],"line":1323},"175":{"loc":{"start":{"line":1323,"column":12},"end":{"line":1323,"column":44}},"type":"binary-expr","locations":[{"start":{"line":1323,"column":12},"end":{"line":1323,"column":27}},{"start":{"line":1323,"column":31},"end":{"line":1323,"column":44}}],"line":1323},"176":{"loc":{"start":{"line":1327,"column":8},"end":{"line":1329,"column":9}},"type":"if","locations":[{"start":{"line":1327,"column":8},"end":{"line":1329,"column":9}},{"start":{},"end":{}}],"line":1327},"177":{"loc":{"start":{"line":1330,"column":8},"end":{"line":1332,"column":9}},"type":"if","locations":[{"start":{"line":1330,"column":8},"end":{"line":1332,"column":9}},{"start":{},"end":{}}],"line":1330},"178":{"loc":{"start":{"line":1330,"column":12},"end":{"line":1330,"column":70}},"type":"binary-expr","locations":[{"start":{"line":1330,"column":12},"end":{"line":1330,"column":33}},{"start":{"line":1330,"column":37},"end":{"line":1330,"column":70}}],"line":1330},"179":{"loc":{"start":{"line":1342,"column":17},"end":{"line":1342,"column":69}},"type":"cond-expr","locations":[{"start":{"line":1342,"column":33},"end":{"line":1342,"column":62}},{"start":{"line":1342,"column":65},"end":{"line":1342,"column":69}}],"line":1342},"180":{"loc":{"start":{"line":1347,"column":8},"end":{"line":1349,"column":9}},"type":"if","locations":[{"start":{"line":1347,"column":8},"end":{"line":1349,"column":9}},{"start":{},"end":{}}],"line":1347},"181":{"loc":{"start":{"line":1355,"column":9},"end":{"line":1357,"column":10}},"type":"if","locations":[{"start":{"line":1355,"column":9},"end":{"line":1357,"column":10}},{"start":{},"end":{}}],"line":1355},"182":{"loc":{"start":{"line":1355,"column":13},"end":{"line":1355,"column":97}},"type":"binary-expr","locations":[{"start":{"line":1355,"column":13},"end":{"line":1355,"column":42}},{"start":{"line":1355,"column":46},"end":{"line":1355,"column":97}}],"line":1355},"183":{"loc":{"start":{"line":1361,"column":9},"end":{"line":1361,"column":48}},"type":"if","locations":[{"start":{"line":1361,"column":9},"end":{"line":1361,"column":48}},{"start":{},"end":{}}],"line":1361},"184":{"loc":{"start":{"line":1378,"column":8},"end":{"line":1380,"column":9}},"type":"if","locations":[{"start":{"line":1378,"column":8},"end":{"line":1380,"column":9}},{"start":{},"end":{}}],"line":1378},"185":{"loc":{"start":{"line":1389,"column":9},"end":{"line":1389,"column":48}},"type":"if","locations":[{"start":{"line":1389,"column":9},"end":{"line":1389,"column":48}},{"start":{},"end":{}}],"line":1389},"186":{"loc":{"start":{"line":1408,"column":8},"end":{"line":1411,"column":9}},"type":"if","locations":[{"start":{"line":1408,"column":8},"end":{"line":1411,"column":9}},{"start":{},"end":{}}],"line":1408},"187":{"loc":{"start":{"line":1417,"column":9},"end":{"line":1417,"column":53}},"type":"if","locations":[{"start":{"line":1417,"column":9},"end":{"line":1417,"column":53}},{"start":{},"end":{}}],"line":1417},"188":{"loc":{"start":{"line":1419,"column":9},"end":{"line":1421,"column":10}},"type":"if","locations":[{"start":{"line":1419,"column":9},"end":{"line":1421,"column":10}},{"start":{},"end":{}}],"line":1419},"189":{"loc":{"start":{"line":1419,"column":13},"end":{"line":1419,"column":102}},"type":"binary-expr","locations":[{"start":{"line":1419,"column":13},"end":{"line":1419,"column":52}},{"start":{"line":1419,"column":56},"end":{"line":1419,"column":102}}],"line":1419},"190":{"loc":{"start":{"line":1425,"column":9},"end":{"line":1425,"column":92}},"type":"if","locations":[{"start":{"line":1425,"column":9},"end":{"line":1425,"column":92}},{"start":{},"end":{}}],"line":1425},"191":{"loc":{"start":{"line":1425,"column":13},"end":{"line":1425,"column":67}},"type":"binary-expr","locations":[{"start":{"line":1425,"column":13},"end":{"line":1425,"column":23}},{"start":{"line":1425,"column":27},"end":{"line":1425,"column":67}}],"line":1425},"192":{"loc":{"start":{"line":1458,"column":4},"end":{"line":1458,"column":43}},"type":"if","locations":[{"start":{"line":1458,"column":4},"end":{"line":1458,"column":43}},{"start":{},"end":{}}],"line":1458},"193":{"loc":{"start":{"line":1475,"column":16},"end":{"line":1475,"column":53}},"type":"cond-expr","locations":[{"start":{"line":1475,"column":31},"end":{"line":1475,"column":46}},{"start":{"line":1475,"column":49},"end":{"line":1475,"column":53}}],"line":1475},"194":{"loc":{"start":{"line":1476,"column":14},"end":{"line":1476,"column":79}},"type":"cond-expr","locations":[{"start":{"line":1476,"column":28},"end":{"line":1476,"column":72}},{"start":{"line":1476,"column":75},"end":{"line":1476,"column":79}}],"line":1476},"195":{"loc":{"start":{"line":1506,"column":4},"end":{"line":1506,"column":43}},"type":"if","locations":[{"start":{"line":1506,"column":4},"end":{"line":1506,"column":43}},{"start":{},"end":{}}],"line":1506},"196":{"loc":{"start":{"line":1531,"column":4},"end":{"line":1531,"column":43}},"type":"if","locations":[{"start":{"line":1531,"column":4},"end":{"line":1531,"column":43}},{"start":{},"end":{}}],"line":1531},"197":{"loc":{"start":{"line":1557,"column":4},"end":{"line":1557,"column":43}},"type":"if","locations":[{"start":{"line":1557,"column":4},"end":{"line":1557,"column":43}},{"start":{},"end":{}}],"line":1557},"198":{"loc":{"start":{"line":1565,"column":24},"end":{"line":1565,"column":48}},"type":"binary-expr","locations":[{"start":{"line":1565,"column":24},"end":{"line":1565,"column":40}},{"start":{"line":1565,"column":44},"end":{"line":1565,"column":48}}],"line":1565},"199":{"loc":{"start":{"line":1569,"column":0},"end":{"line":1576,"column":1}},"type":"if","locations":[{"start":{"line":1569,"column":0},"end":{"line":1576,"column":1}},{"start":{"line":1573,"column":7},"end":{"line":1576,"column":1}}],"line":1569}},"s":{"0":1,"1":1,"2":1,"3":1,"4":1,"5":1,"6":1,"7":1,"8":1,"9":1,"10":1,"11":1,"12":1,"13":1,"14":1,"15":1,"16":1,"17":0,"18":0,"19":0,"20":0,"21":0,"22":0,"23":0,"24":1,"25":0,"26":0,"27":0,"28":0,"29":0,"30":0,"31":0,"32":0,"33":0,"34":0,"35":0,"36":0,"37":0,"38":0,"39":0,"40":0,"41":0,"42":0,"43":0,"44":0,"45":0,"46":0,"47":0,"48":0,"49":0,"50":0,"51":0,"52":0,"53":0,"54":0,"55":0,"56":0,"57":0,"58":0,"59":1,"60":3,"61":3,"62":0,"63":3,"64":3,"65":3,"66":3,"67":0,"68":0,"69":0,"70":0,"71":0,"72":0,"73":1,"74":3,"75":0,"76":3,"77":0,"78":0,"79":0,"80":0,"81":0,"82":0,"83":0,"84":0,"85":0,"86":0,"87":0,"88":0,"89":0,"90":0,"91":0,"92":0,"93":0,"94":0,"95":0,"96":0,"97":0,"98":0,"99":0,"100":0,"101":0,"102":0,"103":0,"104":0,"105":0,"106":0,"107":0,"108":0,"109":0,"110":0,"111":0,"112":0,"113":0,"114":0,"115":0,"116":0,"117":0,"118":0,"119":0,"120":0,"121":0,"122":0,"123":0,"124":0,"125":0,"126":0,"127":0,"128":0,"129":0,"130":0,"131":0,"132":0,"133":0,"134":0,"135":0,"136":0,"137":0,"138":0,"139":0,"140":0,"141":0,"142":0,"143":0,"144":0,"145":0,"146":0,"147":0,"148":0,"149":0,"150":0,"151":0,"152":0,"153":0,"154":0,"155":0,"156":0,"157":0,"158":0,"159":0,"160":0,"161":0,"162":0,"163":0,"164":0,"165":0,"166":0,"167":0,"168":0,"169":0,"170":0,"171":0,"172":0,"173":0,"174":0,"175":0,"176":0,"177":0,"178":0,"179":0,"180":0,"181":0,"182":0,"183":0,"184":0,"185":0,"186":0,"187":0,"188":0,"189":0,"190":0,"191":0,"192":0,"193":0,"194":0,"195":0,"196":0,"197":0,"198":0,"199":0,"200":0,"201":0,"202":0,"203":0,"204":0,"205":0,"206":1,"207":0,"208":0,"209":0,"210":0,"211":0,"212":0,"213":0,"214":0,"215":0,"216":0,"217":0,"218":0,"219":0,"220":0,"221":0,"222":0,"223":0,"224":0,"225":0,"226":0,"227":0,"228":0,"229":0,"230":0,"231":0,"232":0,"233":0,"234":0,"235":0,"236":0,"237":0,"238":0,"239":1,"240":0,"241":0,"242":0,"243":0,"244":0,"245":0,"246":0,"247":0,"248":0,"249":0,"250":0,"251":0,"252":0,"253":0,"254":0,"255":0,"256":0,"257":0,"258":0,"259":1,"260":0,"261":0,"262":0,"263":0,"264":0,"265":0,"266":0,"267":0,"268":0,"269":0,"270":0,"271":0,"272":0,"273":0,"274":0,"275":0,"276":0,"277":0,"278":0,"279":0,"280":0,"281":0,"282":0,"283":0,"284":1,"285":0,"286":0,"287":0,"288":0,"289":0,"290":0,"291":0,"292":0,"293":0,"294":0,"295":0,"296":0,"297":0,"298":0,"299":0,"300":0,"301":0,"302":0,"303":0,"304":0,"305":0,"306":0,"307":0,"308":0,"309":1,"310":0,"311":0,"312":0,"313":0,"314":0,"315":0,"316":0,"317":0,"318":0,"319":0,"320":0,"321":1,"322":0,"323":0,"324":0,"325":0,"326":0,"327":0,"328":0,"329":0,"330":0,"331":0,"332":0,"333":0,"334":0,"335":0,"336":0,"337":0,"338":0,"339":0,"340":0,"341":0,"342":0,"343":0,"344":0,"345":0,"346":0,"347":0,"348":0,"349":0,"350":0,"351":0,"352":0,"353":1,"354":0,"355":0,"356":0,"357":0,"358":0,"359":0,"360":0,"361":0,"362":0,"363":0,"364":0,"365":1,"366":0,"367":0,"368":0,"369":0,"370":0,"371":0,"372":0,"373":0,"374":0,"375":0,"376":0,"377":1,"378":0,"379":0,"380":0,"381":0,"382":0,"383":0,"384":0,"385":0,"386":0,"387":0,"388":0,"389":0,"390":0,"391":0,"392":0,"393":0,"394":0,"395":0,"396":0,"397":0,"398":0,"399":0,"400":0,"401":0,"402":0,"403":0,"404":0,"405":0,"406":1,"407":0,"408":0,"409":0,"410":0,"411":0,"412":0,"413":0,"414":0,"415":1,"416":0,"417":0,"418":0,"419":0,"420":0,"421":0,"422":0,"423":0,"424":0,"425":0,"426":0,"427":0,"428":0,"429":0,"430":0,"431":0,"432":0,"433":0,"434":0,"435":0,"436":0,"437":0,"438":0,"439":0,"440":0,"441":0,"442":0,"443":0,"444":0,"445":0,"446":0,"447":0,"448":0,"449":0,"450":0,"451":0,"452":0,"453":0,"454":0,"455":0,"456":0,"457":1,"458":0,"459":0,"460":0,"461":0,"462":0,"463":0,"464":0,"465":0,"466":1,"467":0,"468":0,"469":0,"470":0,"471":0,"472":0,"473":0,"474":0,"475":0,"476":0,"477":0,"478":0,"479":0,"480":0,"481":0,"482":0,"483":0,"484":0,"485":0,"486":0,"487":0,"488":0,"489":0,"490":0,"491":0,"492":0,"493":0,"494":0,"495":0,"496":0,"497":0,"498":0,"499":0,"500":0,"501":0,"502":0,"503":0,"504":1,"505":0,"506":0,"507":0,"508":0,"509":0,"510":0,"511":0,"512":0,"513":1,"514":0,"515":0,"516":0,"517":0,"518":0,"519":0,"520":0,"521":0,"522":0,"523":0,"524":0,"525":0,"526":0,"527":0,"528":0,"529":0,"530":0,"531":0,"532":0,"533":1,"534":1,"535":1,"536":1,"537":1,"538":0,"539":0,"540":1,"541":1,"542":1,"543":1,"544":1,"545":1,"546":1,"547":1,"548":1,"549":1,"550":0,"551":0,"552":1,"553":1,"554":0,"555":0,"556":1,"557":1,"558":1,"559":1,"560":2,"561":2,"562":2,"563":2,"564":2,"565":1,"566":1,"567":1,"568":1,"569":1,"570":0,"571":1,"572":0,"573":0,"574":2,"575":2,"576":1,"577":0,"578":0,"579":0,"580":0,"581":0,"582":0,"583":0,"584":0,"585":0,"586":0,"587":0,"588":0,"589":0,"590":0,"591":0,"592":1,"593":0,"594":0,"595":0,"596":0,"597":0,"598":0,"599":0,"600":0,"601":0,"602":0,"603":0,"604":0,"605":0,"606":0,"607":0,"608":1,"609":0,"610":0,"611":0,"612":0,"613":0,"614":0,"615":0,"616":0,"617":0,"618":0,"619":0,"620":0,"621":0,"622":0,"623":1,"624":0,"625":0,"626":0,"627":0,"628":0,"629":0,"630":0,"631":0,"632":0,"633":0,"634":0,"635":0,"636":0,"637":0,"638":0,"639":0,"640":0,"641":0,"642":0,"643":0,"644":0,"645":0,"646":0,"647":0,"648":0,"649":1,"650":0,"651":0,"652":0,"653":0,"654":0,"655":0,"656":0,"657":0,"658":0,"659":0,"660":0,"661":0,"662":0,"663":0,"664":0,"665":0,"666":0,"667":0,"668":0,"669":0,"670":0,"671":0,"672":0,"673":0,"674":1,"675":0,"676":0,"677":0,"678":0,"679":0,"680":0,"681":0,"682":0,"683":0,"684":0,"685":0,"686":1,"687":0,"688":0,"689":0,"690":0,"691":0,"692":0,"693":0,"694":0,"695":0,"696":0,"697":0,"698":0,"699":0,"700":0,"701":0,"702":0,"703":0,"704":0,"705":0,"706":1,"707":0,"708":0,"709":0,"710":0,"711":0,"712":0,"713":0,"714":0,"715":0,"716":1,"717":1,"718":0,"719":0,"720":0,"721":0,"722":0,"723":0,"724":0,"725":0,"726":0,"727":0,"728":1,"729":0,"730":0,"731":0,"732":0,"733":0,"734":0,"735":0,"736":0,"737":1,"738":0,"739":0,"740":0,"741":0,"742":0,"743":0,"744":0,"745":0,"746":1,"747":0,"748":0,"749":0,"750":0,"751":0,"752":0,"753":0,"754":0,"755":1,"756":1,"757":0,"758":0,"759":1,"760":1},"f":{"0":0,"1":0,"2":3,"3":3,"4":0,"5":0,"6":0,"7":0,"8":0,"9":0,"10":0,"11":0,"12":0,"13":0,"14":0,"15":0,"16":0,"17":0,"18":0,"19":0,"20":0,"21":0,"22":0,"23":0,"24":0,"25":0,"26":1,"27":2,"28":0,"29":0,"30":0,"31":0,"32":0,"33":0,"34":0,"35":0,"36":0,"37":0,"38":0,"39":0,"40":0,"41":0},"b":{"0":[1,0],"1":[0],"2":[0],"3":[0,0],"4":[0,0],"5":[0,0],"6":[0,0],"7":[0,0],"8":[0,0],"9":[0,0],"10":[0,0],"11":[0,0],"12":[0,0],"13":[0,0],"14":[0,0],"15":[0,3],"16":[3,3],"17":[0,0],"18":[0,0,0],"19":[0,0],"20":[0,3],"21":[3,3],"22":[0,0],"23":[0,0],"24":[0,0],"25":[0,0],"26":[0,0],"27":[0,0],"28":[0,0],"29":[0,0],"30":[0,0],"31":[0,0,0,0,0],"32":[0,0],"33":[0,0],"34":[0,0],"35":[0,0],"36":[0,0],"37":[0,0],"38":[0,0],"39":[0,0],"40":[0,0],"41":[0,0],"42":[0,0],"43":[0,0,0],"44":[0,0],"45":[0,0],"46":[0,0],"47":[0,0],"48":[0,0],"49":[0,0],"50":[0,0],"51":[0,0],"52":[0,0],"53":[0,0],"54":[0,0],"55":[0,0],"56":[0,0],"57":[0,0],"58":[0,0],"59":[0,0],"60":[0,0],"61":[0,0],"62":[0,0],"63":[0,0],"64":[0,0],"65":[0,0],"66":[0,0,0],"67":[0,0],"68":[0,0],"69":[0,0],"70":[0,0],"71":[0,0,0],"72":[0,0],"73":[0,0],"74":[0,0],"75":[0,0],"76":[0,0],"77":[0,0],"78":[0,0],"79":[0,0],"80":[0,0],"81":[0,0],"82":[0,0],"83":[0,0],"84":[0,0],"85":[0,0],"86":[0,0],"87":[0,0],"88":[0,0],"89":[0,0],"90":[0,0],"91":[0,0],"92":[0,0,0],"93":[0,0],"94":[0,0],"95":[0,0],"96":[0,0],"97":[0,0],"98":[0,0],"99":[0,0],"100":[0,0],"101":[0,0],"102":[0,0],"103":[0,0],"104":[0,0],"105":[0,0],"106":[0,0],"107":[0,0],"108":[0,0],"109":[0,0],"110":[0,0],"111":[0,0],"112":[0,0],"113":[0,0],"114":[0,0],"115":[0,0],"116":[0,0],"117":[0,0],"118":[0,0],"119":[0,0],"120":[0,0],"121":[0,0],"122":[0,0],"123":[0,0],"124":[0,0],"125":[0,0],"126":[0,0],"127":[0,0],"128":[0,0],"129":[0,0],"130":[0,0],"131":[0,0],"132":[0,0],"133":[0,0],"134":[0,0],"135":[0,0],"136":[0,0],"137":[0,0],"138":[0,1],"139":[1,1],"140":[0,1],"141":[1,0],"142":[1,1],"143":[1,0],"144":[2,0],"145":[0,0],"146":[0,0],"147":[0,0],"148":[0,0],"149":[0,0],"150":[0,0],"151":[0,0],"152":[0,0],"153":[0,0],"154":[0,0],"155":[0,0],"156":[0,0],"157":[0,0],"158":[0,0],"159":[0,0],"160":[0,0,0],"161":[0,0],"162":[0,0],"163":[0,0],"164":[0,0],"165":[0,0],"166":[0,0],"167":[0,0],"168":[0,0],"169":[0,0],"170":[0,0],"171":[0,0],"172":[0,0],"173":[0,0,0],"174":[0,0],"175":[0,0],"176":[0,0],"177":[0,0],"178":[0,0],"179":[0,0],"180":[0,0],"181":[0,0],"182":[0,0],"183":[0,0],"184":[0,0],"185":[0,0],"186":[0,0],"187":[0,0],"188":[0,0],"189":[0,0],"190":[0,0],"191":[0,0],"192":[0,0],"193":[0,0],"194":[0,0],"195":[0,0],"196":[0,0],"197":[0,0],"198":[1,1],"199":[0,1]},"_coverageSchema":"1a1c01bbd47fc00a2c39e90264f33305004495a9","hash":"b97f12dba727aa139d5c2b480588bbfb55dd81a0"}
}
