TN:
SF:server.js
FN:31,(anonymous_0)
FN:52,(anonymous_1)
FN:149,(anonymous_2)
FN:173,(anonymous_3)
FN:184,executeWorkflowStep
FN:304,(anonymous_5)
FN:318,(anonymous_6)
FN:364,(anonymous_7)
FN:404,(anonymous_8)
FN:461,(anonymous_9)
FN:501,(anonymous_10)
FN:550,(anonymous_11)
FN:602,(anonymous_12)
FN:626,(anonymous_13)
FN:672,(anonymous_14)
FN:685,(anonymous_15)
FN:713,(anonymous_16)
FN:740,(anonymous_17)
FN:812,(anonymous_18)
FN:834,(anonymous_19)
FN:902,(anonymous_20)
FN:917,(anonymous_21)
FN:946,(anonymous_22)
FN:1035,(anonymous_23)
FN:1050,(anonymous_24)
FN:1067,(anonymous_25)
FN:1090,(anonymous_26)
FN:1140,(anonymous_27)
FN:1174,(anonymous_28)
FN:1183,(anonymous_29)
FN:1205,(anonymous_30)
FN:1235,(anonymous_31)
FN:1263,(anonymous_32)
FN:1312,(anonymous_33)
FN:1366,(anonymous_34)
FN:1394,(anonymous_35)
FN:1439,(anonymous_36)
FN:1465,(anonymous_37)
FN:1489,(anonymous_38)
FN:1511,(anonymous_39)
FN:1536,(anonymous_40)
FN:1570,(anonymous_41)
FNF:42
FNH:4
FNDA:0,(anonymous_0)
FNDA:0,(anonymous_1)
FNDA:3,(anonymous_2)
FNDA:3,(anonymous_3)
FNDA:0,executeWorkflowStep
FNDA:0,(anonymous_5)
FNDA:0,(anonymous_6)
FNDA:0,(anonymous_7)
FNDA:0,(anonymous_8)
FNDA:0,(anonymous_9)
FNDA:0,(anonymous_10)
FNDA:0,(anonymous_11)
FNDA:0,(anonymous_12)
FNDA:0,(anonymous_13)
FNDA:0,(anonymous_14)
FNDA:0,(anonymous_15)
FNDA:0,(anonymous_16)
FNDA:0,(anonymous_17)
FNDA:0,(anonymous_18)
FNDA:0,(anonymous_19)
FNDA:0,(anonymous_20)
FNDA:0,(anonymous_21)
FNDA:0,(anonymous_22)
FNDA:0,(anonymous_23)
FNDA:0,(anonymous_24)
FNDA:0,(anonymous_25)
FNDA:1,(anonymous_26)
FNDA:2,(anonymous_27)
FNDA:0,(anonymous_28)
FNDA:0,(anonymous_29)
FNDA:0,(anonymous_30)
FNDA:0,(anonymous_31)
FNDA:0,(anonymous_32)
FNDA:0,(anonymous_33)
FNDA:0,(anonymous_34)
FNDA:0,(anonymous_35)
FNDA:0,(anonymous_36)
FNDA:0,(anonymous_37)
FNDA:0,(anonymous_38)
FNDA:0,(anonymous_39)
FNDA:0,(anonymous_40)
FNDA:0,(anonymous_41)
DA:2,1
DA:3,1
DA:4,1
DA:5,1
DA:6,1
DA:7,1
DA:8,1
DA:9,1
DA:11,1
DA:12,1
DA:13,1
DA:17,1
DA:18,1
DA:19,1
DA:20,1
DA:24,1
DA:31,1
DA:33,0
DA:34,0
DA:35,0
DA:40,0
DA:42,0
DA:44,0
DA:52,1
DA:54,0
DA:55,0
DA:57,0
DA:65,0
DA:73,0
DA:74,0
DA:75,0
DA:78,0
DA:81,0
DA:82,0
DA:84,0
DA:85,0
DA:87,0
DA:89,0
DA:90,0
DA:91,0
DA:94,0
DA:96,0
DA:97,0
DA:98,0
DA:101,0
DA:103,0
DA:107,0
DA:110,0
DA:114,0
DA:118,0
DA:121,0
DA:122,0
DA:127,0
DA:133,0
DA:136,0
DA:137,0
DA:138,0
DA:140,0
DA:149,1
DA:150,3
DA:151,3
DA:152,0
DA:154,3
DA:155,3
DA:156,3
DA:157,3
DA:159,0
DA:161,0
DA:162,0
DA:163,0
DA:164,0
DA:167,0
DA:173,1
DA:175,3
DA:176,0
DA:178,3
DA:186,0
DA:187,0
DA:188,0
DA:189,0
DA:192,0
DA:196,0
DA:197,0
DA:198,0
DA:199,0
DA:201,0
DA:202,0
DA:203,0
DA:205,0
DA:206,0
DA:207,0
DA:208,0
DA:212,0
DA:217,0
DA:218,0
DA:219,0
DA:220,0
DA:221,0
DA:223,0
DA:225,0
DA:226,0
DA:227,0
DA:231,0
DA:232,0
DA:236,0
DA:239,0
DA:240,0
DA:241,0
DA:244,0
DA:248,0
DA:249,0
DA:251,0
DA:255,0
DA:257,0
DA:259,0
DA:260,0
DA:261,0
DA:262,0
DA:263,0
DA:265,0
DA:268,0
DA:269,0
DA:270,0
DA:271,0
DA:272,0
DA:273,0
DA:274,0
DA:275,0
DA:276,0
DA:277,0
DA:279,0
DA:281,0
DA:282,0
DA:283,0
DA:285,0
DA:288,0
DA:291,0
DA:292,0
DA:295,0
DA:297,0
DA:298,0
DA:301,0
DA:302,0
DA:304,0
DA:305,0
DA:307,0
DA:308,0
DA:310,0
DA:314,0
DA:316,0
DA:317,0
DA:318,0
DA:320,0
DA:323,0
DA:324,0
DA:328,0
DA:329,0
DA:330,0
DA:333,0
DA:335,0
DA:336,0
DA:337,0
DA:340,0
DA:343,0
DA:344,0
DA:347,0
DA:348,0
DA:349,0
DA:350,0
DA:355,0
DA:356,0
DA:357,0
DA:361,0
DA:363,0
DA:364,0
DA:366,0
DA:368,0
DA:369,0
DA:370,0
DA:371,0
DA:372,0
DA:373,0
DA:375,0
DA:376,0
DA:380,0
DA:381,0
DA:382,0
DA:385,0
DA:386,0
DA:387,0
DA:390,0
DA:394,0
DA:395,0
DA:404,1
DA:406,0
DA:407,0
DA:408,0
DA:409,0
DA:412,0
DA:413,0
DA:420,0
DA:421,0
DA:424,0
DA:425,0
DA:426,0
DA:428,0
DA:429,0
DA:432,0
DA:433,0
DA:434,0
DA:435,0
DA:436,0
DA:437,0
DA:438,0
DA:441,0
DA:442,0
DA:445,0
DA:446,0
DA:447,0
DA:450,0
DA:453,0
DA:454,0
DA:456,0
DA:461,1
DA:463,0
DA:464,0
DA:465,0
DA:466,0
DA:469,0
DA:470,0
DA:473,0
DA:474,0
DA:478,0
DA:479,0
DA:481,0
DA:482,0
DA:487,0
DA:490,0
DA:491,0
DA:493,0
DA:494,0
DA:496,0
DA:501,1
DA:503,0
DA:504,0
DA:505,0
DA:506,0
DA:509,0
DA:510,0
DA:512,0
DA:514,0
DA:515,0
DA:517,0
DA:518,0
DA:519,0
DA:520,0
DA:523,0
DA:524,0
DA:526,0
DA:527,0
DA:531,0
DA:534,0
DA:539,0
DA:542,0
DA:543,0
DA:545,0
DA:550,1
DA:552,0
DA:553,0
DA:554,0
DA:555,0
DA:558,0
DA:559,0
DA:561,0
DA:563,0
DA:564,0
DA:566,0
DA:567,0
DA:568,0
DA:569,0
DA:572,0
DA:573,0
DA:575,0
DA:576,0
DA:580,0
DA:583,0
DA:588,0
DA:591,0
DA:592,0
DA:594,0
DA:602,1
DA:604,0
DA:605,0
DA:606,0
DA:608,0
DA:609,0
DA:614,0
DA:616,0
DA:617,0
DA:619,0
DA:626,1
DA:629,0
DA:630,0
DA:631,0
DA:632,0
DA:634,0
DA:635,0
DA:637,0
DA:638,0
DA:639,0
DA:642,0
DA:643,0
DA:645,0
DA:646,0
DA:649,0
DA:653,0
DA:654,0
DA:655,0
DA:659,0
DA:665,0
DA:666,0
DA:668,0
DA:671,0
DA:672,0
DA:676,0
DA:677,0
DA:678,0
DA:680,0
DA:685,1
DA:687,0
DA:688,0
DA:689,0
DA:691,0
DA:693,0
DA:695,0
DA:703,0
DA:705,0
DA:706,0
DA:708,0
DA:713,1
DA:715,0
DA:716,0
DA:717,0
DA:719,0
DA:721,0
DA:729,0
DA:731,0
DA:732,0
DA:734,0
DA:740,1
DA:742,0
DA:743,0
DA:745,0
DA:747,0
DA:748,0
DA:749,0
DA:752,0
DA:760,0
DA:761,0
DA:762,0
DA:765,0
DA:766,0
DA:768,0
DA:769,0
DA:770,0
DA:774,0
DA:775,0
DA:777,0
DA:784,0
DA:790,0
DA:793,0
DA:800,0
DA:801,0
DA:802,0
DA:804,0
DA:812,1
DA:814,0
DA:815,0
DA:817,0
DA:824,0
DA:826,0
DA:827,0
DA:829,0
DA:834,1
DA:836,0
DA:837,0
DA:838,0
DA:839,0
DA:841,0
DA:842,0
DA:843,0
DA:846,0
DA:847,0
DA:850,0
DA:852,0
DA:853,0
DA:854,0
DA:857,0
DA:858,0
DA:859,0
DA:862,0
DA:863,0
DA:867,0
DA:868,0
DA:870,0
DA:874,0
DA:879,0
DA:880,0
DA:886,0
DA:887,0
DA:888,0
DA:891,0
DA:892,0
DA:896,0
DA:898,0
DA:901,0
DA:902,0
DA:904,0
DA:908,0
DA:909,0
DA:910,0
DA:912,0
DA:917,1
DA:919,0
DA:920,0
DA:922,0
DA:936,0
DA:938,0
DA:939,0
DA:941,0
DA:946,1
DA:948,0
DA:949,0
DA:951,0
DA:952,0
DA:953,0
DA:956,0
DA:961,0
DA:962,0
DA:963,0
DA:966,0
DA:967,0
DA:968,0
DA:971,0
DA:973,0
DA:974,0
DA:982,0
DA:984,0
DA:988,0
DA:989,0
DA:990,0
DA:994,0
DA:995,0
DA:996,0
DA:1000,0
DA:1001,0
DA:1009,0
DA:1013,0
DA:1014,0
DA:1018,0
DA:1019,0
DA:1020,0
DA:1023,0
DA:1024,0
DA:1025,0
DA:1027,0
DA:1035,1
DA:1037,0
DA:1038,0
DA:1039,0
DA:1040,0
DA:1042,0
DA:1043,0
DA:1045,0
DA:1050,1
DA:1052,0
DA:1053,0
DA:1054,0
DA:1055,0
DA:1057,0
DA:1058,0
DA:1060,0
DA:1064,0
DA:1067,0
DA:1068,0
DA:1069,0
DA:1071,0
DA:1075,0
DA:1078,0
DA:1080,0
DA:1082,0
DA:1083,0
DA:1085,0
DA:1090,1
DA:1092,1
DA:1093,1
DA:1096,1
DA:1098,1
DA:1099,0
DA:1100,0
DA:1103,1
DA:1104,1
DA:1105,1
DA:1107,1
DA:1108,1
DA:1111,1
DA:1112,1
DA:1114,1
DA:1117,1
DA:1119,1
DA:1120,0
DA:1121,0
DA:1124,1
DA:1125,1
DA:1129,0
DA:1130,0
DA:1132,1
DA:1133,1
DA:1134,1
DA:1140,1
DA:1142,2
DA:1144,2
DA:1145,2
DA:1146,2
DA:1151,2
DA:1152,1
DA:1155,1
DA:1156,1
DA:1157,1
DA:1158,1
DA:1160,0
DA:1163,1
DA:1166,0
DA:1167,0
DA:1169,2
DA:1174,1
DA:1176,0
DA:1177,0
DA:1178,0
DA:1179,0
DA:1183,0
DA:1184,0
DA:1185,0
DA:1187,0
DA:1191,0
DA:1193,0
DA:1195,0
DA:1197,0
DA:1198,0
DA:1200,0
DA:1205,1
DA:1207,0
DA:1208,0
DA:1209,0
DA:1210,0
DA:1213,0
DA:1214,0
DA:1217,0
DA:1218,0
DA:1222,0
DA:1224,0
DA:1225,0
DA:1227,0
DA:1228,0
DA:1230,0
DA:1235,1
DA:1237,0
DA:1238,0
DA:1239,0
DA:1240,0
DA:1241,0
DA:1244,0
DA:1245,0
DA:1249,0
DA:1250,0
DA:1252,0
DA:1254,0
DA:1255,0
DA:1257,0
DA:1263,1
DA:1265,0
DA:1266,0
DA:1267,0
DA:1269,0
DA:1270,0
DA:1272,0
DA:1273,0
DA:1274,0
DA:1277,0
DA:1278,0
DA:1279,0
DA:1282,0
DA:1283,0
DA:1286,0
DA:1288,0
DA:1290,0
DA:1295,0
DA:1298,0
DA:1299,0
DA:1301,0
DA:1302,0
DA:1304,0
DA:1305,0
DA:1307,0
DA:1312,1
DA:1314,0
DA:1315,0
DA:1316,0
DA:1319,0
DA:1320,0
DA:1322,0
DA:1323,0
DA:1324,0
DA:1326,0
DA:1327,0
DA:1328,0
DA:1330,0
DA:1331,0
DA:1335,0
DA:1336,0
DA:1347,0
DA:1348,0
DA:1351,0
DA:1355,0
DA:1356,0
DA:1358,0
DA:1359,0
DA:1361,0
DA:1366,1
DA:1368,0
DA:1369,0
DA:1371,0
DA:1373,0
DA:1378,0
DA:1379,0
DA:1382,0
DA:1386,0
DA:1387,0
DA:1389,0
DA:1394,1
DA:1396,0
DA:1397,0
DA:1399,0
DA:1400,0
DA:1403,0
DA:1406,0
DA:1408,0
DA:1409,0
DA:1410,0
DA:1413,0
DA:1414,0
DA:1417,0
DA:1419,0
DA:1420,0
DA:1422,0
DA:1423,0
DA:1425,0
DA:1439,1
DA:1441,0
DA:1442,0
DA:1443,0
DA:1445,0
DA:1453,0
DA:1455,0
DA:1456,0
DA:1458,0
DA:1463,1
DA:1465,1
DA:1466,0
DA:1467,0
DA:1468,0
DA:1471,0
DA:1472,0
DA:1474,0
DA:1480,0
DA:1481,0
DA:1483,0
DA:1484,0
DA:1489,1
DA:1491,0
DA:1492,0
DA:1494,0
DA:1501,0
DA:1503,0
DA:1504,0
DA:1506,0
DA:1511,1
DA:1513,0
DA:1514,0
DA:1516,0
DA:1526,0
DA:1528,0
DA:1529,0
DA:1531,0
DA:1536,1
DA:1538,0
DA:1539,0
DA:1541,0
DA:1552,0
DA:1554,0
DA:1555,0
DA:1557,0
DA:1565,1
DA:1569,1
DA:1570,0
DA:1571,0
DA:1575,1
DA:1579,1
LF:708
LH:93
BRDA:13,0,0,1
BRDA:13,0,1,0
BRDA:31,1,0,0
BRDA:31,2,0,0
BRDA:38,3,0,0
BRDA:38,3,1,0
BRDA:40,4,0,0
BRDA:40,4,1,0
BRDA:44,5,0,0
BRDA:44,5,1,0
BRDA:60,6,0,0
BRDA:60,6,1,0
BRDA:73,7,0,0
BRDA:73,7,1,0
BRDA:87,8,0,0
BRDA:87,8,1,0
BRDA:87,9,0,0
BRDA:87,9,1,0
BRDA:94,10,0,0
BRDA:94,10,1,0
BRDA:94,11,0,0
BRDA:94,11,1,0
BRDA:98,12,0,0
BRDA:98,12,1,0
BRDA:101,13,0,0
BRDA:101,13,1,0
BRDA:136,14,0,0
BRDA:136,14,1,0
BRDA:151,15,0,0
BRDA:151,15,1,3
BRDA:151,16,0,3
BRDA:151,16,1,3
BRDA:161,17,0,0
BRDA:161,17,1,0
BRDA:161,18,0,0
BRDA:161,18,1,0
BRDA:161,18,2,0
BRDA:163,19,0,0
BRDA:163,19,1,0
BRDA:175,20,0,0
BRDA:175,20,1,3
BRDA:175,21,0,3
BRDA:175,21,1,3
BRDA:196,22,0,0
BRDA:196,22,1,0
BRDA:205,23,0,0
BRDA:205,23,1,0
BRDA:205,24,0,0
BRDA:205,24,1,0
BRDA:217,25,0,0
BRDA:217,25,1,0
BRDA:227,26,0,0
BRDA:227,26,1,0
BRDA:228,27,0,0
BRDA:228,27,1,0
BRDA:229,28,0,0
BRDA:229,28,1,0
BRDA:248,29,0,0
BRDA:248,29,1,0
BRDA:248,30,0,0
BRDA:248,30,1,0
BRDA:255,31,0,0
BRDA:255,31,1,0
BRDA:255,31,2,0
BRDA:255,31,3,0
BRDA:255,31,4,0
BRDA:257,32,0,0
BRDA:257,32,1,0
BRDA:259,33,0,0
BRDA:259,33,1,0
BRDA:260,34,0,0
BRDA:260,34,1,0
BRDA:261,35,0,0
BRDA:261,35,1,0
BRDA:268,36,0,0
BRDA:268,36,1,0
BRDA:271,37,0,0
BRDA:271,37,1,0
BRDA:272,38,0,0
BRDA:272,38,1,0
BRDA:274,39,0,0
BRDA:274,39,1,0
BRDA:281,40,0,0
BRDA:281,40,1,0
BRDA:282,41,0,0
BRDA:282,41,1,0
BRDA:291,42,0,0
BRDA:291,42,1,0
BRDA:295,43,0,0
BRDA:295,43,1,0
BRDA:295,43,2,0
BRDA:301,44,0,0
BRDA:301,44,1,0
BRDA:316,45,0,0
BRDA:316,45,1,0
BRDA:324,46,0,0
BRDA:324,46,1,0
BRDA:335,47,0,0
BRDA:335,47,1,0
BRDA:336,48,0,0
BRDA:336,48,1,0
BRDA:355,49,0,0
BRDA:355,49,1,0
BRDA:355,50,0,0
BRDA:355,50,1,0
BRDA:363,51,0,0
BRDA:363,51,1,0
BRDA:368,52,0,0
BRDA:368,52,1,0
BRDA:368,53,0,0
BRDA:368,53,1,0
BRDA:371,54,0,0
BRDA:371,54,1,0
BRDA:381,55,0,0
BRDA:381,55,1,0
BRDA:394,56,0,0
BRDA:394,56,1,0
BRDA:394,57,0,0
BRDA:394,57,1,0
BRDA:408,58,0,0
BRDA:408,58,1,0
BRDA:408,59,0,0
BRDA:408,59,1,0
BRDA:420,60,0,0
BRDA:420,60,1,0
BRDA:425,61,0,0
BRDA:425,61,1,0
BRDA:425,62,0,0
BRDA:425,62,1,0
BRDA:429,63,0,0
BRDA:429,63,1,0
BRDA:433,64,0,0
BRDA:433,64,1,0
BRDA:437,65,0,0
BRDA:437,65,1,0
BRDA:437,66,0,0
BRDA:437,66,1,0
BRDA:437,66,2,0
BRDA:445,67,0,0
BRDA:445,67,1,0
BRDA:445,68,0,0
BRDA:445,68,1,0
BRDA:456,69,0,0
BRDA:456,69,1,0
BRDA:465,70,0,0
BRDA:465,70,1,0
BRDA:465,71,0,0
BRDA:465,71,1,0
BRDA:465,71,2,0
BRDA:469,72,0,0
BRDA:469,72,1,0
BRDA:473,73,0,0
BRDA:473,73,1,0
BRDA:490,74,0,0
BRDA:490,74,1,0
BRDA:496,75,0,0
BRDA:496,75,1,0
BRDA:505,76,0,0
BRDA:505,76,1,0
BRDA:505,77,0,0
BRDA:505,77,1,0
BRDA:512,78,0,0
BRDA:512,78,1,0
BRDA:518,79,0,0
BRDA:518,79,1,0
BRDA:524,80,0,0
BRDA:524,80,1,0
BRDA:545,81,0,0
BRDA:545,81,1,0
BRDA:554,82,0,0
BRDA:554,82,1,0
BRDA:554,83,0,0
BRDA:554,83,1,0
BRDA:561,84,0,0
BRDA:561,84,1,0
BRDA:567,85,0,0
BRDA:567,85,1,0
BRDA:573,86,0,0
BRDA:573,86,1,0
BRDA:594,87,0,0
BRDA:594,87,1,0
BRDA:605,88,0,0
BRDA:605,88,1,0
BRDA:619,89,0,0
BRDA:619,89,1,0
BRDA:630,90,0,0
BRDA:630,90,1,0
BRDA:634,91,0,0
BRDA:634,91,1,0
BRDA:634,92,0,0
BRDA:634,92,1,0
BRDA:634,92,2,0
BRDA:638,93,0,0
BRDA:638,93,1,0
BRDA:638,94,0,0
BRDA:638,94,1,0
BRDA:653,95,0,0
BRDA:653,95,1,0
BRDA:671,96,0,0
BRDA:671,96,1,0
BRDA:676,97,0,0
BRDA:676,97,1,0
BRDA:680,98,0,0
BRDA:680,98,1,0
BRDA:680,99,0,0
BRDA:680,99,1,0
BRDA:688,100,0,0
BRDA:688,100,1,0
BRDA:708,101,0,0
BRDA:708,101,1,0
BRDA:716,102,0,0
BRDA:716,102,1,0
BRDA:734,103,0,0
BRDA:734,103,1,0
BRDA:745,104,0,0
BRDA:745,104,1,0
BRDA:760,105,0,0
BRDA:760,105,1,0
BRDA:768,106,0,0
BRDA:768,106,1,0
BRDA:800,107,0,0
BRDA:800,107,1,0
BRDA:804,108,0,0
BRDA:804,108,1,0
BRDA:804,109,0,0
BRDA:804,109,1,0
BRDA:829,110,0,0
BRDA:829,110,1,0
BRDA:842,111,0,0
BRDA:842,111,1,0
BRDA:842,112,0,0
BRDA:842,112,1,0
BRDA:852,113,0,0
BRDA:852,113,1,0
BRDA:862,114,0,0
BRDA:862,114,1,0
BRDA:862,115,0,0
BRDA:862,115,1,0
BRDA:867,116,0,0
BRDA:867,116,1,0
BRDA:867,117,0,0
BRDA:867,117,1,0
BRDA:886,118,0,0
BRDA:886,118,1,0
BRDA:901,119,0,0
BRDA:901,119,1,0
BRDA:909,120,0,0
BRDA:909,120,1,0
BRDA:912,121,0,0
BRDA:912,121,1,0
BRDA:912,122,0,0
BRDA:912,122,1,0
BRDA:941,123,0,0
BRDA:941,123,1,0
BRDA:961,124,0,0
BRDA:961,124,1,0
BRDA:971,125,0,0
BRDA:971,125,1,0
BRDA:984,126,0,0
BRDA:984,126,1,0
BRDA:988,127,0,0
BRDA:988,127,1,0
BRDA:994,128,0,0
BRDA:994,128,1,0
BRDA:1023,129,0,0
BRDA:1023,129,1,0
BRDA:1027,130,0,0
BRDA:1027,130,1,0
BRDA:1027,131,0,0
BRDA:1027,131,1,0
BRDA:1045,132,0,0
BRDA:1045,132,1,0
BRDA:1057,133,0,0
BRDA:1057,133,1,0
BRDA:1071,134,0,0
BRDA:1071,134,1,0
BRDA:1072,135,0,0
BRDA:1072,135,1,0
BRDA:1073,136,0,0
BRDA:1073,136,1,0
BRDA:1085,137,0,0
BRDA:1085,137,1,0
BRDA:1098,138,0,0
BRDA:1098,138,1,1
BRDA:1098,139,0,1
BRDA:1098,139,1,1
BRDA:1119,140,0,0
BRDA:1119,140,1,1
BRDA:1132,141,0,1
BRDA:1132,141,1,0
BRDA:1151,142,0,1
BRDA:1151,142,1,1
BRDA:1156,143,0,1
BRDA:1156,143,1,0
BRDA:1169,144,0,2
BRDA:1169,144,1,0
BRDA:1187,145,0,0
BRDA:1187,145,1,0
BRDA:1188,146,0,0
BRDA:1188,146,1,0
BRDA:1189,147,0,0
BRDA:1189,147,1,0
BRDA:1200,148,0,0
BRDA:1200,148,1,0
BRDA:1209,149,0,0
BRDA:1209,149,1,0
BRDA:1209,150,0,0
BRDA:1209,150,1,0
BRDA:1213,151,0,0
BRDA:1213,151,1,0
BRDA:1220,152,0,0
BRDA:1220,152,1,0
BRDA:1224,153,0,0
BRDA:1224,153,1,0
BRDA:1230,154,0,0
BRDA:1230,154,1,0
BRDA:1240,155,0,0
BRDA:1240,155,1,0
BRDA:1247,156,0,0
BRDA:1247,156,1,0
BRDA:1249,157,0,0
BRDA:1249,157,1,0
BRDA:1257,158,0,0
BRDA:1257,158,1,0
BRDA:1269,159,0,0
BRDA:1269,159,1,0
BRDA:1269,160,0,0
BRDA:1269,160,1,0
BRDA:1269,160,2,0
BRDA:1273,161,0,0
BRDA:1273,161,1,0
BRDA:1273,162,0,0
BRDA:1273,162,1,0
BRDA:1278,163,0,0
BRDA:1278,163,1,0
BRDA:1282,164,0,0
BRDA:1282,164,1,0
BRDA:1282,165,0,0
BRDA:1282,165,1,0
BRDA:1293,166,0,0
BRDA:1293,166,1,0
BRDA:1298,167,0,0
BRDA:1298,167,1,0
BRDA:1298,168,0,0
BRDA:1298,168,1,0
BRDA:1301,169,0,0
BRDA:1301,169,1,0
BRDA:1301,170,0,0
BRDA:1301,170,1,0
BRDA:1307,171,0,0
BRDA:1307,171,1,0
BRDA:1319,172,0,0
BRDA:1319,172,1,0
BRDA:1319,173,0,0
BRDA:1319,173,1,0
BRDA:1319,173,2,0
BRDA:1323,174,0,0
BRDA:1323,174,1,0
BRDA:1323,175,0,0
BRDA:1323,175,1,0
BRDA:1327,176,0,0
BRDA:1327,176,1,0
BRDA:1330,177,0,0
BRDA:1330,177,1,0
BRDA:1330,178,0,0
BRDA:1330,178,1,0
BRDA:1342,179,0,0
BRDA:1342,179,1,0
BRDA:1347,180,0,0
BRDA:1347,180,1,0
BRDA:1355,181,0,0
BRDA:1355,181,1,0
BRDA:1355,182,0,0
BRDA:1355,182,1,0
BRDA:1361,183,0,0
BRDA:1361,183,1,0
BRDA:1378,184,0,0
BRDA:1378,184,1,0
BRDA:1389,185,0,0
BRDA:1389,185,1,0
BRDA:1408,186,0,0
BRDA:1408,186,1,0
BRDA:1417,187,0,0
BRDA:1417,187,1,0
BRDA:1419,188,0,0
BRDA:1419,188,1,0
BRDA:1419,189,0,0
BRDA:1419,189,1,0
BRDA:1425,190,0,0
BRDA:1425,190,1,0
BRDA:1425,191,0,0
BRDA:1425,191,1,0
BRDA:1458,192,0,0
BRDA:1458,192,1,0
BRDA:1475,193,0,0
BRDA:1475,193,1,0
BRDA:1476,194,0,0
BRDA:1476,194,1,0
BRDA:1506,195,0,0
BRDA:1506,195,1,0
BRDA:1531,196,0,0
BRDA:1531,196,1,0
BRDA:1557,197,0,0
BRDA:1557,197,1,0
BRDA:1565,198,0,1
BRDA:1565,198,1,1
BRDA:1569,199,0,0
BRDA:1569,199,1,1
BRF:408
BRH:19
end_of_record
